This file contains any messages produced by compilers while
running configure, to aid debugging if configure makes a mistake.

It was created by Ipopt configure 3.12, which was
generated by GNU Autoconf 2.59.  Invocation command line was

  $ ../../Ipopt/configure --prefix=/Users/philip/Documents/robots/CoinIpopt/build --cache-file=/dev/null --srcdir=../../Ipopt

## --------- ##
## Platform. ##
## --------- ##

hostname = FartMachine7.local
uname -m = x86_64
uname -r = 16.7.0
uname -s = Darwin
uname -v = Darwin Kernel Version 16.7.0: Thu Jan 11 22:59:40 PST 2018; root:xnu-3789.73.8~1/RELEASE_X86_64

/usr/bin/uname -p = i386
/bin/uname -X     = unknown

/bin/arch              = unknown
/usr/bin/arch -k       = unknown
/usr/convex/getsysinfo = unknown
hostinfo               = Mach kernel version:
	 Darwin Kernel Version 16.7.0: Thu Jan 11 22:59:40 PST 2018; root:xnu-3789.73.8~1/RELEASE_X86_64
Kernel configured for up to 4 processors.
2 processors are physically available.
4 processors are logically available.
Processor type: x86_64h (Intel x86-64h Haswell)
Processors active: 0 1 2 3
Primary memory available: 8.00 gigabytes
Default processor set: 315 tasks, 1769 threads, 4 processors
Load average: 2.74, Mach factor: 1.50
/bin/machine           = unknown
/usr/bin/oslevel       = unknown
/bin/universe          = unknown

PATH: /Users/philip/.node/bin/
PATH: /Users/philip/Library/Haskell/bin
PATH: /usr/local/opt/llvm/bin
PATH: /usr/local/bin
PATH: /usr/bin
PATH: /bin
PATH: /usr/sbin
PATH: /sbin
PATH: /opt/X11/bin
PATH: /usr/local/CrossPack-AVR/bin
PATH: /usr/local/go/bin
PATH: /Library/TeX/texbin


## ----------- ##
## Core tests. ##
## ----------- ##

configure:1715: checking build system type
configure:1733: result: i386-apple-darwin16.7.0
configure:1806: checking for svnversion
configure:1822: found /usr/bin/svnversion
configure:1833: result: yes
configure:1862: checking whether we want to compile in debug mode
configure:1908: result: no
configure:1965: checking for egrep
configure:1975: result: grep -E
configure:1980: checking whether ln -s works
configure:1984: result: yes
configure:2200: checking for clang
configure:2216: found /usr/local/opt/llvm/bin/clang
configure:2226: result: clang
configure:2247: checking for C compiler version
configure:2250: clang --version </dev/null >&5
clang version 6.0.0 (tags/RELEASE_600/final)
Target: x86_64-apple-darwin16.7.0
Thread model: posix
InstalledDir: /usr/local/opt/llvm/bin
configure:2253: $? = 0
configure:2255: clang -v </dev/null >&5
clang version 6.0.0 (tags/RELEASE_600/final)
Target: x86_64-apple-darwin16.7.0
Thread model: posix
InstalledDir: /usr/local/opt/llvm/bin
configure:2258: $? = 0
configure:2260: clang -V </dev/null >&5
clang-6.0: error: argument to '-V' is missing (expected 1 value)
clang-6.0: error: no input files
configure:2263: $? = 1
configure:2286: checking for C compiler default output file name
configure:2289: clang    conftest.c  >&5
configure:2292: $? = 0
configure:2338: result: a.out
configure:2343: checking whether the C compiler works
configure:2349: ./a.out
configure:2352: $? = 0
configure:2369: result: yes
configure:2376: checking whether we are cross compiling
configure:2378: result: no
configure:2381: checking for suffix of executables
configure:2383: clang -o conftest    conftest.c  >&5
configure:2386: $? = 0
configure:2411: result: 
configure:2417: checking for suffix of object files
configure:2438: clang -c   conftest.c >&5
configure:2441: $? = 0
configure:2463: result: o
configure:2467: checking whether we are using the GNU C compiler
configure:2491: clang -c   conftest.c >&5
configure:2497: $? = 0
configure:2501: test -z 
			 || test ! -s conftest.err
configure:2504: $? = 0
configure:2507: test -s conftest.o
configure:2510: $? = 0
configure:2523: result: yes
configure:2529: checking whether clang accepts -g
configure:2550: clang -c -g  conftest.c >&5
configure:2556: $? = 0
configure:2560: test -z 
			 || test ! -s conftest.err
configure:2563: $? = 0
configure:2566: test -s conftest.o
configure:2569: $? = 0
configure:2580: result: yes
configure:2597: checking for clang option to accept ANSI C
configure:2667: clang  -c -g -O2  conftest.c >&5
configure:2673: $? = 0
configure:2677: test -z 
			 || test ! -s conftest.err
configure:2680: $? = 0
configure:2683: test -s conftest.o
configure:2686: $? = 0
configure:2704: result: none needed
configure:2722: clang -c -g -O2  conftest.c >&5
conftest.c:2:3: error: unknown type name 'choke'
  choke me
  ^
conftest.c:2:11: error: expected ';' after top level declarator
  choke me
          ^
          ;
2 errors generated.
configure:2728: $? = 1
configure: failed program was:
| #ifndef __cplusplus
|   choke me
| #endif
configure:3149: clang -o conftest -O3 -pipe -DNDEBUG -Wimplicit -Wparentheses -Wsequence-point -Wreturn-type -Wcast-qual -Wall -Wno-unknown-pragmas -Wno-long-long   -DIPOPT_BUILD   conftest.c  >&5
configure:3155: $? = 0
configure:3159: test -z 
			 || test ! -s conftest.err
configure:3162: $? = 0
configure:3165: test -s conftest
configure:3168: $? = 0
configure:3235: C compiler options are: -O3 -pipe -DNDEBUG -Wimplicit -Wparentheses -Wsequence-point -Wreturn-type -Wcast-qual -Wall -Wno-unknown-pragmas -Wno-long-long   -DIPOPT_BUILD
configure:3352: checking for clang++
configure:3368: found /usr/local/opt/llvm/bin/clang++
configure:3378: result: clang++
configure:3394: checking for C++ compiler version
configure:3397: clang++ --version </dev/null >&5
clang version 6.0.0 (tags/RELEASE_600/final)
Target: x86_64-apple-darwin16.7.0
Thread model: posix
InstalledDir: /usr/local/opt/llvm/bin
configure:3400: $? = 0
configure:3402: clang++ -v </dev/null >&5
clang version 6.0.0 (tags/RELEASE_600/final)
Target: x86_64-apple-darwin16.7.0
Thread model: posix
InstalledDir: /usr/local/opt/llvm/bin
configure:3405: $? = 0
configure:3407: clang++ -V </dev/null >&5
clang-6.0: error: argument to '-V' is missing (expected 1 value)
clang-6.0: error: no input files
configure:3410: $? = 1
configure:3413: checking whether we are using the GNU C++ compiler
configure:3437: clang++ -c   conftest.cc >&5
configure:3443: $? = 0
configure:3447: test -z 
			 || test ! -s conftest.err
configure:3450: $? = 0
configure:3453: test -s conftest.o
configure:3456: $? = 0
configure:3469: result: yes
configure:3475: checking whether clang++ accepts -g
configure:3496: clang++ -c -g  conftest.cc >&5
configure:3502: $? = 0
configure:3506: test -z 
			 || test ! -s conftest.err
configure:3509: $? = 0
configure:3512: test -s conftest.o
configure:3515: $? = 0
configure:3526: result: yes
configure:3568: clang++ -c -g -O2  conftest.cc >&5
configure:3574: $? = 0
configure:3578: test -z 
			 || test ! -s conftest.err
configure:3581: $? = 0
configure:3584: test -s conftest.o
configure:3587: $? = 0
configure:3613: clang++ -c -g -O2  conftest.cc >&5
conftest.cc:20:1: error: use of undeclared identifier 'exit'
exit (42);
^
1 error generated.
configure:3619: $? = 1
configure: failed program was:
| /* confdefs.h.  */
| 
| #define PACKAGE_NAME "Ipopt"
| #define PACKAGE_TARNAME "ipopt"
| #define PACKAGE_VERSION "3.12"
| #define PACKAGE_STRING "Ipopt 3.12"
| #define PACKAGE_BUGREPORT "http://projects.coin-or.org/Ipopt/newticket"
| #define IPOPT_VERSION "3.12"
| #define IPOPT_VERSION_MAJOR 3
| #define IPOPT_VERSION_MINOR 12
| #define IPOPT_VERSION_RELEASE 9999
| #define IPOPT_SVN_REV 2714
| #define COIN_IPOPT_VERBOSITY 0
| #define COIN_IPOPT_CHECKLEVEL 0
| /* end confdefs.h.  */
| 
| int
| main ()
| {
| exit (42);
|   ;
|   return 0;
| }
configure:3568: clang++ -c -g -O2  conftest.cc >&5
conftest.cc:16:17: error: use of undeclared identifier 'std'
extern "C" void std::exit (int) throw (); using std::exit;
                ^
conftest.cc:16:49: error: use of undeclared identifier 'std'
extern "C" void std::exit (int) throw (); using std::exit;
                                                ^
2 errors generated.
configure:3574: $? = 1
configure: failed program was:
| /* confdefs.h.  */
| 
| #define PACKAGE_NAME "Ipopt"
| #define PACKAGE_TARNAME "ipopt"
| #define PACKAGE_VERSION "3.12"
| #define PACKAGE_STRING "Ipopt 3.12"
| #define PACKAGE_BUGREPORT "http://projects.coin-or.org/Ipopt/newticket"
| #define IPOPT_VERSION "3.12"
| #define IPOPT_VERSION_MAJOR 3
| #define IPOPT_VERSION_MINOR 12
| #define IPOPT_VERSION_RELEASE 9999
| #define IPOPT_SVN_REV 2714
| #define COIN_IPOPT_VERBOSITY 0
| #define COIN_IPOPT_CHECKLEVEL 0
| /* end confdefs.h.  */
| extern "C" void std::exit (int) throw (); using std::exit;
| #include <stdlib.h>
| int
| main ()
| {
| exit (42);
|   ;
|   return 0;
| }
configure:3568: clang++ -c -g -O2  conftest.cc >&5
conftest.cc:16:17: error: use of undeclared identifier 'std'
extern "C" void std::exit (int); using std::exit;
                ^
conftest.cc:16:40: error: use of undeclared identifier 'std'
extern "C" void std::exit (int); using std::exit;
                                       ^
2 errors generated.
configure:3574: $? = 1
configure: failed program was:
| /* confdefs.h.  */
| 
| #define PACKAGE_NAME "Ipopt"
| #define PACKAGE_TARNAME "ipopt"
| #define PACKAGE_VERSION "3.12"
| #define PACKAGE_STRING "Ipopt 3.12"
| #define PACKAGE_BUGREPORT "http://projects.coin-or.org/Ipopt/newticket"
| #define IPOPT_VERSION "3.12"
| #define IPOPT_VERSION_MAJOR 3
| #define IPOPT_VERSION_MINOR 12
| #define IPOPT_VERSION_RELEASE 9999
| #define IPOPT_SVN_REV 2714
| #define COIN_IPOPT_VERBOSITY 0
| #define COIN_IPOPT_CHECKLEVEL 0
| /* end confdefs.h.  */
| extern "C" void std::exit (int); using std::exit;
| #include <stdlib.h>
| int
| main ()
| {
| exit (42);
|   ;
|   return 0;
| }
configure:3568: clang++ -c -g -O2  conftest.cc >&5
In file included from conftest.cc:17:
In file included from /usr/local/Cellar/llvm/6.0.0/include/c++/v1/stdlib.h:94:
/usr/include/stdlib.h:142:7: error: 'exit' is missing exception specification 'throw()'
void     exit(int) __dead2;
         ^
conftest.cc:16:17: note: previous declaration is here
extern "C" void exit (int) throw ();
                ^
1 error generated.
configure:3574: $? = 1
configure: failed program was:
| /* confdefs.h.  */
| 
| #define PACKAGE_NAME "Ipopt"
| #define PACKAGE_TARNAME "ipopt"
| #define PACKAGE_VERSION "3.12"
| #define PACKAGE_STRING "Ipopt 3.12"
| #define PACKAGE_BUGREPORT "http://projects.coin-or.org/Ipopt/newticket"
| #define IPOPT_VERSION "3.12"
| #define IPOPT_VERSION_MAJOR 3
| #define IPOPT_VERSION_MINOR 12
| #define IPOPT_VERSION_RELEASE 9999
| #define IPOPT_SVN_REV 2714
| #define COIN_IPOPT_VERBOSITY 0
| #define COIN_IPOPT_CHECKLEVEL 0
| /* end confdefs.h.  */
| extern "C" void exit (int) throw ();
| #include <stdlib.h>
| int
| main ()
| {
| exit (42);
|   ;
|   return 0;
| }
configure:3568: clang++ -c -g -O2  conftest.cc >&5
configure:3574: $? = 0
configure:3578: test -z 
			 || test ! -s conftest.err
configure:3581: $? = 0
configure:3584: test -s conftest.o
configure:3587: $? = 0
configure:3613: clang++ -c -g -O2  conftest.cc >&5
configure:3619: $? = 0
configure:3623: test -z 
			 || test ! -s conftest.err
configure:3626: $? = 0
configure:3629: test -s conftest.o
configure:3632: $? = 0
configure:3664: checking whether C++ compiler clang++ works
configure:3682: clang++ -c -g -O2  conftest.cc >&5
configure:3688: $? = 0
configure:3692: test -z 
			 || test ! -s conftest.err
configure:3695: $? = 0
configure:3698: test -s conftest.o
configure:3701: $? = 0
configure:3703: result: yes
configure:4024: clang++ -o conftest -O3 -pipe -DNDEBUG -Wparentheses -Wreturn-type -Wcast-qual -Wall -Wpointer-arith -Wwrite-strings -Wconversion -Wno-unknown-pragmas -Wno-long-long   -DIPOPT_BUILD   conftest.cc  >&5
configure:4030: $? = 0
configure:4034: test -z 
			 || test ! -s conftest.err
configure:4037: $? = 0
configure:4040: test -s conftest
configure:4043: $? = 0
configure:4110: C++ compiler options are: -O3 -pipe -DNDEBUG -Wparentheses -Wreturn-type -Wcast-qual -Wall -Wpointer-arith -Wwrite-strings -Wconversion -Wno-unknown-pragmas -Wno-long-long   -DIPOPT_BUILD
configure:4175: clang++ -c -O3 -pipe -DNDEBUG -Wparentheses -Wreturn-type -Wcast-qual -Wall -Wpointer-arith -Wwrite-strings -Wconversion -Wno-unknown-pragmas -Wno-long-long   -DIPOPT_BUILD  conftest.cc >&5
configure:4181: $? = 0
configure:4185: test -z 
			 || test ! -s conftest.err
configure:4188: $? = 0
configure:4191: test -s conftest.o
configure:4194: $? = 0
configure:4238: Assuming that CXXLIBS is "-lc++".
configure:4297: Trying to determine Fortran compiler name
configure:4346: checking for xlf_r
configure:4375: result: no
configure:4346: checking for fort77
configure:4375: result: no
configure:4346: checking for gfortran
configure:4362: found /usr/local/bin/gfortran
configure:4372: result: gfortran
configure:4480: checking for Fortran 77 compiler version
configure:4483: gfortran --version </dev/null >&5
GNU Fortran (Homebrew GCC 7.3.0_1) 7.3.0
Copyright (C) 2017 Free Software Foundation, Inc.
This is free software; see the source for copying conditions.  There is NO
warranty; not even for MERCHANTABILITY or FITNESS FOR A PARTICULAR PURPOSE.

configure:4486: $? = 0
configure:4488: gfortran -v </dev/null >&5
Using built-in specs.
COLLECT_GCC=gfortran
COLLECT_LTO_WRAPPER=/usr/local/Cellar/gcc/7.3.0_1/libexec/gcc/x86_64-apple-darwin16.7.0/7.3.0/lto-wrapper
Target: x86_64-apple-darwin16.7.0
Configured with: ../configure --build=x86_64-apple-darwin16.7.0 --prefix=/usr/local/Cellar/gcc/7.3.0_1 --libdir=/usr/local/Cellar/gcc/7.3.0_1/lib/gcc/7 --enable-languages=c,c++,objc,obj-c++,fortran --program-suffix=-7 --with-gmp=/usr/local/opt/gmp --with-mpfr=/usr/local/opt/mpfr --with-mpc=/usr/local/opt/libmpc --with-isl=/usr/local/opt/isl --with-system-zlib --enable-checking=release --with-pkgversion='Homebrew GCC 7.3.0_1' --with-bugurl=https://github.com/Homebrew/homebrew-core/issues --disable-nls
Thread model: posix
gcc version 7.3.0 (Homebrew GCC 7.3.0_1) 
configure:4491: $? = 0
configure:4493: gfortran -V </dev/null >&5
gfortran: error: unrecognized command line option '-V'
gfortran: fatal error: no input files
compilation terminated.
configure:4496: $? = 1
configure:4504: checking whether we are using the GNU Fortran 77 compiler
configure:4518: gfortran -c  conftest.F >&5
configure:4524: $? = 0
configure:4528: test -z 
			 || test ! -s conftest.err
configure:4531: $? = 0
configure:4534: test -s conftest.o
configure:4537: $? = 0
configure:4550: result: yes
configure:4556: checking whether gfortran accepts -g
configure:4568: gfortran -c -g conftest.f >&5
configure:4574: $? = 0
configure:4578: test -z 
			 || test ! -s conftest.err
configure:4581: $? = 0
configure:4584: test -s conftest.o
configure:4587: $? = 0
configure:4599: result: yes
configure:4834: gfortran -o conftest -O3 -pipe    conftest.f  >&5
configure:4840: $? = 0
configure:4844: test -z 
			 || test ! -s conftest.err
configure:4847: $? = 0
configure:4850: test -s conftest
configure:4853: $? = 0
configure:4911: Fortran compiler options are: -O3 -pipe  
configure:4958: checking how to get verbose linking output from gfortran
configure:4969: gfortran -c -O3 -pipe   conftest.f >&5
configure:4975: $? = 0
configure:4979: test -z 
			 || test ! -s conftest.err
configure:4982: $? = 0
configure:4985: test -s conftest.o
configure:4988: $? = 0
configure:5005: gfortran -o conftest -O3 -pipe   -v  conftest.f  >&5
Using built-in specs.
COLLECT_GCC=gfortran
COLLECT_LTO_WRAPPER=/usr/local/Cellar/gcc/7.3.0_1/libexec/gcc/x86_64-apple-darwin16.7.0/7.3.0/lto-wrapper
Target: x86_64-apple-darwin16.7.0
Configured with: ../configure --build=x86_64-apple-darwin16.7.0 --prefix=/usr/local/Cellar/gcc/7.3.0_1 --libdir=/usr/local/Cellar/gcc/7.3.0_1/lib/gcc/7 --enable-languages=c,c++,objc,obj-c++,fortran --program-suffix=-7 --with-gmp=/usr/local/opt/gmp --with-mpfr=/usr/local/opt/mpfr --with-mpc=/usr/local/opt/libmpc --with-isl=/usr/local/opt/isl --with-system-zlib --enable-checking=release --with-pkgversion='Homebrew GCC 7.3.0_1' --with-bugurl=https://github.com/Homebrew/homebrew-core/issues --disable-nls
Thread model: posix
gcc version 7.3.0 (Homebrew GCC 7.3.0_1) 
COLLECT_GCC_OPTIONS='-o' 'conftest' '-O3' '-pipe' '-v' '-mmacosx-version-min=10.12.7'  '-shared-libgcc' '-mtune=core2'
 /usr/local/Cellar/gcc/7.3.0_1/libexec/gcc/x86_64-apple-darwin16.7.0/7.3.0/f951 conftest.f -ffixed-form -fPIC -quiet -dumpbase conftest.f -mmacosx-version-min=10.12.7 -mtune=core2 -auxbase conftest -O3 -version -fintrinsic-modules-path /usr/local/Cellar/gcc/7.3.0_1/lib/gcc/7/gcc/x86_64-apple-darwin16.7.0/7.3.0/finclude -o - |
 as -arch x86_64 -v -force_cpusubtype_ALL -mmacosx-version-min=10.12 -o /var/folders/l5/zshv2j6j0qq9pcnqmcq6bhfw0000gn/T//ccC1jIHP.o
GNU Fortran (Homebrew GCC 7.3.0_1) version 7.3.0 (x86_64-apple-darwin16.7.0)
	compiled by GNU C version 7.3.0, GMP version 6.1.2, MPFR version 4.0.1, MPC version 1.1.0, isl version isl-0.19-GMP

GGC heuristics: --param ggc-min-expand=100 --param ggc-min-heapsize=131072
GNU Fortran2008 (Homebrew GCC 7.3.0_1) version 7.3.0 (x86_64-apple-darwin16.7.0)
	compiled by GNU C version 7.3.0, GMP version 6.1.2, MPFR version 4.0.1, MPC version 1.1.0, isl version isl-0.19-GMP

GGC heuristics: --param ggc-min-expand=100 --param ggc-min-heapsize=131072
Apple LLVM version 8.1.0 (clang-802.0.42)
Target: x86_64-apple-darwin16.7.0
Thread model: posix
InstalledDir: /Applications/Xcode.app/Contents/Developer/Toolchains/XcodeDefault.xctoolchain/usr/bin
 "/Applications/Xcode.app/Contents/Developer/Toolchains/XcodeDefault.xctoolchain/usr/bin/clang" -cc1as -triple x86_64-apple-macosx10.12.0 -filetype obj -main-file-name - -target-cpu penryn -fdebug-compilation-dir /Users/philip/Documents/robots/CoinIpopt/build/Ipopt -dwarf-debug-producer Apple LLVM version 8.1.0 (clang-802.0.42) -dwarf-version=4 -mrelocation-model pic -o /var/folders/l5/zshv2j6j0qq9pcnqmcq6bhfw0000gn/T//ccC1jIHP.o -
Reading specs from /usr/local/Cellar/gcc/7.3.0_1/lib/gcc/7/gcc/x86_64-apple-darwin16.7.0/7.3.0/../../../libgfortran.spec
rename spec lib to liborig
COLLECT_GCC_OPTIONS='-o' 'conftest' '-O3' '-pipe' '-v' '-mmacosx-version-min=10.12.7'  '-shared-libgcc' '-mtune=core2'
COMPILER_PATH=/usr/local/Cellar/gcc/7.3.0_1/libexec/gcc/x86_64-apple-darwin16.7.0/7.3.0/:/usr/local/Cellar/gcc/7.3.0_1/libexec/gcc/x86_64-apple-darwin16.7.0/7.3.0/:/usr/local/Cellar/gcc/7.3.0_1/libexec/gcc/x86_64-apple-darwin16.7.0/:/usr/local/Cellar/gcc/7.3.0_1/lib/gcc/7/gcc/x86_64-apple-darwin16.7.0/7.3.0/:/usr/local/Cellar/gcc/7.3.0_1/lib/gcc/7/gcc/x86_64-apple-darwin16.7.0/
LIBRARY_PATH=/usr/local/Cellar/gcc/7.3.0_1/lib/gcc/7/gcc/x86_64-apple-darwin16.7.0/7.3.0/:/usr/local/Cellar/gcc/7.3.0_1/lib/gcc/7/gcc/x86_64-apple-darwin16.7.0/7.3.0/../../../
COLLECT_GCC_OPTIONS='-o' 'conftest' '-O3' '-pipe' '-v' '-mmacosx-version-min=10.12.7'  '-shared-libgcc' '-mtune=core2'
 /usr/local/Cellar/gcc/7.3.0_1/libexec/gcc/x86_64-apple-darwin16.7.0/7.3.0/collect2 -dynamic -arch x86_64 -macosx_version_min 10.12.7 -weak_reference_mismatches non-weak -o conftest -L/usr/local/Cellar/gcc/7.3.0_1/lib/gcc/7/gcc/x86_64-apple-darwin16.7.0/7.3.0 -L/usr/local/Cellar/gcc/7.3.0_1/lib/gcc/7/gcc/x86_64-apple-darwin16.7.0/7.3.0/../../.. /var/folders/l5/zshv2j6j0qq9pcnqmcq6bhfw0000gn/T//ccC1jIHP.o -lgfortran -no_compact_unwind -lSystem -lgcc_ext.10.5 -lgcc -lquadmath -lm -lgcc_ext.10.5 -lgcc -lSystem -v
collect2 version 7.3.0
/usr/bin/ld -dynamic -arch x86_64 -macosx_version_min 10.12.7 -weak_reference_mismatches non-weak -o conftest -L/usr/local/Cellar/gcc/7.3.0_1/lib/gcc/7/gcc/x86_64-apple-darwin16.7.0/7.3.0 -L/usr/local/Cellar/gcc/7.3.0_1/lib/gcc/7/gcc/x86_64-apple-darwin16.7.0/7.3.0/../../.. /var/folders/l5/zshv2j6j0qq9pcnqmcq6bhfw0000gn/T//ccC1jIHP.o -lgfortran -no_compact_unwind -lSystem -lgcc_ext.10.5 -lgcc -lquadmath -lm -lgcc_ext.10.5 -lgcc -lSystem -v
@(#)PROGRAM:ld  PROJECT:ld64-278.4
configured to support archs: armv6 armv7 armv7s arm64 i386 x86_64 x86_64h armv6m armv7k armv7m armv7em (tvOS)
Library search paths:
	/usr/local/Cellar/gcc/7.3.0_1/lib/gcc/7/gcc/x86_64-apple-darwin16.7.0/7.3.0
	/usr/local/Cellar/gcc/7.3.0_1/lib/gcc/7
	/usr/lib
	/usr/local/lib
Framework search paths:
	/Library/Frameworks/
	/System/Library/Frameworks/
 /usr/bin/nm -n /var/folders/l5/zshv2j6j0qq9pcnqmcq6bhfw0000gn/T//ccC1jIHP.o
configure:5060: result: -v
configure:5062: checking for Fortran libraries of gfortran
configure:5083: gfortran -o conftest -O3 -pipe   -v  conftest.f  >&5
Using built-in specs.
COLLECT_GCC=gfortran
COLLECT_LTO_WRAPPER=/usr/local/Cellar/gcc/7.3.0_1/libexec/gcc/x86_64-apple-darwin16.7.0/7.3.0/lto-wrapper
Target: x86_64-apple-darwin16.7.0
Configured with: ../configure --build=x86_64-apple-darwin16.7.0 --prefix=/usr/local/Cellar/gcc/7.3.0_1 --libdir=/usr/local/Cellar/gcc/7.3.0_1/lib/gcc/7 --enable-languages=c,c++,objc,obj-c++,fortran --program-suffix=-7 --with-gmp=/usr/local/opt/gmp --with-mpfr=/usr/local/opt/mpfr --with-mpc=/usr/local/opt/libmpc --with-isl=/usr/local/opt/isl --with-system-zlib --enable-checking=release --with-pkgversion='Homebrew GCC 7.3.0_1' --with-bugurl=https://github.com/Homebrew/homebrew-core/issues --disable-nls
Thread model: posix
gcc version 7.3.0 (Homebrew GCC 7.3.0_1) 
COLLECT_GCC_OPTIONS='-o' 'conftest' '-O3' '-pipe' '-v' '-mmacosx-version-min=10.12.7'  '-shared-libgcc' '-mtune=core2'
 /usr/local/Cellar/gcc/7.3.0_1/libexec/gcc/x86_64-apple-darwin16.7.0/7.3.0/f951 conftest.f -ffixed-form -fPIC -quiet -dumpbase conftest.f -mmacosx-version-min=10.12.7 -mtune=core2 -auxbase conftest -O3 -version -fintrinsic-modules-path /usr/local/Cellar/gcc/7.3.0_1/lib/gcc/7/gcc/x86_64-apple-darwin16.7.0/7.3.0/finclude -o - |
 as -arch x86_64 -v -force_cpusubtype_ALL -mmacosx-version-min=10.12 -o /var/folders/l5/zshv2j6j0qq9pcnqmcq6bhfw0000gn/T//ccnf3R1w.o
GNU Fortran (Homebrew GCC 7.3.0_1) version 7.3.0 (x86_64-apple-darwin16.7.0)
	compiled by GNU C version 7.3.0, GMP version 6.1.2, MPFR version 4.0.1, MPC version 1.1.0, isl version isl-0.19-GMP

GGC heuristics: --param ggc-min-expand=100 --param ggc-min-heapsize=131072
GNU Fortran2008 (Homebrew GCC 7.3.0_1) version 7.3.0 (x86_64-apple-darwin16.7.0)
	compiled by GNU C version 7.3.0, GMP version 6.1.2, MPFR version 4.0.1, MPC version 1.1.0, isl version isl-0.19-GMP

GGC heuristics: --param ggc-min-expand=100 --param ggc-min-heapsize=131072
Apple LLVM version 8.1.0 (clang-802.0.42)
Target: x86_64-apple-darwin16.7.0
Thread model: posix
InstalledDir: /Applications/Xcode.app/Contents/Developer/Toolchains/XcodeDefault.xctoolchain/usr/bin
 "/Applications/Xcode.app/Contents/Developer/Toolchains/XcodeDefault.xctoolchain/usr/bin/clang" -cc1as -triple x86_64-apple-macosx10.12.0 -filetype obj -main-file-name - -target-cpu penryn -fdebug-compilation-dir /Users/philip/Documents/robots/CoinIpopt/build/Ipopt -dwarf-debug-producer Apple LLVM version 8.1.0 (clang-802.0.42) -dwarf-version=4 -mrelocation-model pic -o /var/folders/l5/zshv2j6j0qq9pcnqmcq6bhfw0000gn/T//ccnf3R1w.o -
Reading specs from /usr/local/Cellar/gcc/7.3.0_1/lib/gcc/7/gcc/x86_64-apple-darwin16.7.0/7.3.0/../../../libgfortran.spec
rename spec lib to liborig
COLLECT_GCC_OPTIONS='-o' 'conftest' '-O3' '-pipe' '-v' '-mmacosx-version-min=10.12.7'  '-shared-libgcc' '-mtune=core2'
COMPILER_PATH=/usr/local/Cellar/gcc/7.3.0_1/libexec/gcc/x86_64-apple-darwin16.7.0/7.3.0/:/usr/local/Cellar/gcc/7.3.0_1/libexec/gcc/x86_64-apple-darwin16.7.0/7.3.0/:/usr/local/Cellar/gcc/7.3.0_1/libexec/gcc/x86_64-apple-darwin16.7.0/:/usr/local/Cellar/gcc/7.3.0_1/lib/gcc/7/gcc/x86_64-apple-darwin16.7.0/7.3.0/:/usr/local/Cellar/gcc/7.3.0_1/lib/gcc/7/gcc/x86_64-apple-darwin16.7.0/
LIBRARY_PATH=/usr/local/Cellar/gcc/7.3.0_1/lib/gcc/7/gcc/x86_64-apple-darwin16.7.0/7.3.0/:/usr/local/Cellar/gcc/7.3.0_1/lib/gcc/7/gcc/x86_64-apple-darwin16.7.0/7.3.0/../../../
COLLECT_GCC_OPTIONS='-o' 'conftest' '-O3' '-pipe' '-v' '-mmacosx-version-min=10.12.7'  '-shared-libgcc' '-mtune=core2'
 /usr/local/Cellar/gcc/7.3.0_1/libexec/gcc/x86_64-apple-darwin16.7.0/7.3.0/collect2 -dynamic -arch x86_64 -macosx_version_min 10.12.7 -weak_reference_mismatches non-weak -o conftest -L/usr/local/Cellar/gcc/7.3.0_1/lib/gcc/7/gcc/x86_64-apple-darwin16.7.0/7.3.0 -L/usr/local/Cellar/gcc/7.3.0_1/lib/gcc/7/gcc/x86_64-apple-darwin16.7.0/7.3.0/../../.. /var/folders/l5/zshv2j6j0qq9pcnqmcq6bhfw0000gn/T//ccnf3R1w.o -lgfortran -no_compact_unwind -lSystem -lgcc_ext.10.5 -lgcc -lquadmath -lm -lgcc_ext.10.5 -lgcc -lSystem -v
collect2 version 7.3.0
/usr/bin/ld -dynamic -arch x86_64 -macosx_version_min 10.12.7 -weak_reference_mismatches non-weak -o conftest -L/usr/local/Cellar/gcc/7.3.0_1/lib/gcc/7/gcc/x86_64-apple-darwin16.7.0/7.3.0 -L/usr/local/Cellar/gcc/7.3.0_1/lib/gcc/7/gcc/x86_64-apple-darwin16.7.0/7.3.0/../../.. /var/folders/l5/zshv2j6j0qq9pcnqmcq6bhfw0000gn/T//ccnf3R1w.o -lgfortran -no_compact_unwind -lSystem -lgcc_ext.10.5 -lgcc -lquadmath -lm -lgcc_ext.10.5 -lgcc -lSystem -v
@(#)PROGRAM:ld  PROJECT:ld64-278.4
configured to support archs: armv6 armv7 armv7s arm64 i386 x86_64 x86_64h armv6m armv7k armv7m armv7em (tvOS)
Library search paths:
	/usr/local/Cellar/gcc/7.3.0_1/lib/gcc/7/gcc/x86_64-apple-darwin16.7.0/7.3.0
	/usr/local/Cellar/gcc/7.3.0_1/lib/gcc/7
	/usr/lib
	/usr/local/lib
Framework search paths:
	/Library/Frameworks/
	/System/Library/Frameworks/
 /usr/bin/nm -n /var/folders/l5/zshv2j6j0qq9pcnqmcq6bhfw0000gn/T//ccnf3R1w.o
configure:5244: result:  -L/usr/local/Cellar/gcc/7.3.0_1/lib/gcc/7/gcc/x86_64-apple-darwin16.7.0/7.3.0 -L/usr/local/Cellar/gcc/7.3.0_1/lib/gcc/7/gcc/x86_64-apple-darwin16.7.0/7.3.0/../../.. -lgfortran -lSystem -lgcc_ext.10.5 -lquadmath -lm
configure:5311: Corrected Fortran libraries:  -L/usr/local/Cellar/gcc/7.3.0_1/lib/gcc/7/gcc/x86_64-apple-darwin16.7.0/7.3.0 -L/usr/local/Cellar/gcc/7.3.0_1/lib/gcc/7/gcc/x86_64-apple-darwin16.7.0/7.3.0/../../.. -lgfortran -lSystem -lquadmath -lm
configure:5320: checking for dummy main to link with Fortran libraries
configure:5359: clang -o conftest -O3 -pipe -DNDEBUG -Wimplicit -Wparentheses -Wsequence-point -Wreturn-type -Wcast-qual -Wall -Wno-unknown-pragmas -Wno-long-long   -DIPOPT_BUILD   conftest.c   -L/usr/local/Cellar/gcc/7.3.0_1/lib/gcc/7/gcc/x86_64-apple-darwin16.7.0/7.3.0 -L/usr/local/Cellar/gcc/7.3.0_1/lib/gcc/7/gcc/x86_64-apple-darwin16.7.0/7.3.0/../../.. -lgfortran -lSystem -lquadmath -lm >&5
configure:5365: $? = 0
configure:5369: test -z 
			 || test ! -s conftest.err
configure:5372: $? = 0
configure:5375: test -s conftest
configure:5378: $? = 0
configure:5456: result: none
configure:5492: checking for Fortran name-mangling scheme
configure:5506: gfortran -c -O3 -pipe   conftest.f >&5
configure:5512: $? = 0
configure:5516: test -z 
			 || test ! -s conftest.err
configure:5519: $? = 0
configure:5522: test -s conftest.o
configure:5525: $? = 0
configure:5572: clang -o conftest -O3 -pipe -DNDEBUG -Wimplicit -Wparentheses -Wsequence-point -Wreturn-type -Wcast-qual -Wall -Wno-unknown-pragmas -Wno-long-long   -DIPOPT_BUILD   conftest.c cfortran_test.o   -L/usr/local/Cellar/gcc/7.3.0_1/lib/gcc/7/gcc/x86_64-apple-darwin16.7.0/7.3.0 -L/usr/local/Cellar/gcc/7.3.0_1/lib/gcc/7/gcc/x86_64-apple-darwin16.7.0/7.3.0/../../.. -lgfortran -lSystem -lquadmath -lm >&5
Undefined symbols for architecture x86_64:
  "_foobar", referenced from:
      _main in conftest-df7529.o
     (maybe you meant: _foobar_)
ld: symbol(s) not found for architecture x86_64
clang-6.0: error: linker command failed with exit code 1 (use -v to see invocation)
configure:5578: $? = 1
configure: failed program was:
| /* confdefs.h.  */
| 
| #define PACKAGE_NAME "Ipopt"
| #define PACKAGE_TARNAME "ipopt"
| #define PACKAGE_VERSION "3.12"
| #define PACKAGE_STRING "Ipopt 3.12"
| #define PACKAGE_BUGREPORT "http://projects.coin-or.org/Ipopt/newticket"
| #define IPOPT_VERSION "3.12"
| #define IPOPT_VERSION_MAJOR 3
| #define IPOPT_VERSION_MINOR 12
| #define IPOPT_VERSION_RELEASE 9999
| #define IPOPT_SVN_REV 2714
| #define COIN_IPOPT_VERBOSITY 0
| #define COIN_IPOPT_CHECKLEVEL 0
| #ifdef __cplusplus
| extern "C" void exit (int);
| #endif
| /* end confdefs.h.  */
| 
| /* Override any gcc2 internal prototype to avoid an error.  */
| #ifdef __cplusplus
| extern "C"
| #endif
| /* We use char because int might match the return type of a gcc2
|    builtin and then its argument prototype would still apply.  */
| char foobar ();
| #ifdef F77_DUMMY_MAIN
| 
| #  ifdef __cplusplus
|      extern "C"
| #  endif
|    int F77_DUMMY_MAIN() { return 1; }
| 
| #endif
| int
| main ()
| {
| foobar ();
|   ;
|   return 0;
| }
configure:5572: clang -o conftest -O3 -pipe -DNDEBUG -Wimplicit -Wparentheses -Wsequence-point -Wreturn-type -Wcast-qual -Wall -Wno-unknown-pragmas -Wno-long-long   -DIPOPT_BUILD   conftest.c cfortran_test.o   -L/usr/local/Cellar/gcc/7.3.0_1/lib/gcc/7/gcc/x86_64-apple-darwin16.7.0/7.3.0 -L/usr/local/Cellar/gcc/7.3.0_1/lib/gcc/7/gcc/x86_64-apple-darwin16.7.0/7.3.0/../../.. -lgfortran -lSystem -lquadmath -lm >&5
configure:5578: $? = 0
configure:5582: test -z 
			 || test ! -s conftest.err
configure:5585: $? = 0
configure:5588: test -s conftest
configure:5591: $? = 0
configure:5659: clang -o conftest -O3 -pipe -DNDEBUG -Wimplicit -Wparentheses -Wsequence-point -Wreturn-type -Wcast-qual -Wall -Wno-unknown-pragmas -Wno-long-long   -DIPOPT_BUILD   conftest.c cfortran_test.o   -L/usr/local/Cellar/gcc/7.3.0_1/lib/gcc/7/gcc/x86_64-apple-darwin16.7.0/7.3.0 -L/usr/local/Cellar/gcc/7.3.0_1/lib/gcc/7/gcc/x86_64-apple-darwin16.7.0/7.3.0/../../.. -lgfortran -lSystem -lquadmath -lm >&5
configure:5665: $? = 0
configure:5669: test -z 
			 || test ! -s conftest.err
configure:5672: $? = 0
configure:5675: test -s conftest
configure:5678: $? = 0
configure:5728: result: lower case, underscore, no extra underscore
configure:5949: checking for a BSD-compatible install
configure:6004: result: /usr/local/bin/ginstall -c
configure:6015: checking whether build environment is sane
configure:6058: result: yes
configure:6123: checking for gawk
configure:6139: found /usr/local/bin/gawk
configure:6149: result: gawk
configure:6159: checking whether make sets $(MAKE)
configure:6179: result: yes
configure:6209: checking for style of include used by make
configure:6237: result: GNU
configure:6418: checking dependency style of clang
configure:6508: result: gcc3
configure:6527: checking dependency style of clang++
configure:6617: result: gcc3
configure:6635: checking whether to enable maintainer-specific portions of Makefiles
configure:6644: result: no
configure:22025: Using libtool script in directory ..
configure:22124: checking if library version is set
configure:22131: result: no
configure:22170: configuring doxygen documentation options
configure:22177: checking for doxygen
configure:22193: found /usr/local/bin/doxygen
configure:22204: result: yes
configure:22213: checking for latex
configure:22229: found /Library/TeX/texbin/latex
configure:22240: result: yes
configure:22268: checking for dot
configure:22284: found /usr/local/bin/dot
configure:22295: result: YES
configure:22461: checking for pkg-config
configure:22477: found /usr/local/bin/pkg-config
configure:22487: result: pkg-config
configure:22502: checking pkg-config is at least version 0.16.0
configure:22505: result: yes
configure:24960: checking for BLAS in Veclib
configure:25076: clang -o conftest -O3 -pipe -DNDEBUG -Wimplicit -Wparentheses -Wsequence-point -Wreturn-type -Wcast-qual -Wall -Wno-unknown-pragmas -Wno-long-long   -DIPOPT_BUILD   conftest.c -framework Accelerate  >&5
configure:25082: $? = 0
configure:25086: test -z 
			 || test ! -s conftest.err
configure:25089: $? = 0
configure:25092: test -s conftest
configure:25095: $? = 0
configure:25112: result: yes: -framework Accelerate
configure:26888: checking whether LAPACK is already available with BLAS library
configure:27001: clang -o conftest -O3 -pipe -DNDEBUG -Wimplicit -Wparentheses -Wsequence-point -Wreturn-type -Wcast-qual -Wall -Wno-unknown-pragmas -Wno-long-long   -DIPOPT_BUILD   conftest.c -framework Accelerate  >&5
configure:27007: $? = 0
configure:27011: test -z 
			 || test ! -s conftest.err
configure:27014: $? = 0
configure:27017: test -s conftest
configure:27020: $? = 0
configure:27037: result: yes: -framework Accelerate
configure:29175: checking for COIN-OR package ASL
configure:29339: result: not given: No package 'coinasl' found
configure:29685: checking for COIN-OR package HSL
configure:29827: result: yes: 1.5 
configure:30195: checking for COIN-OR package Mumps
configure:30359: result: not given: No package 'coinmumps' found
configure:30720: checking for int *
configure:30752: clang -c -O3 -pipe -DNDEBUG -Wimplicit -Wparentheses -Wsequence-point -Wreturn-type -Wcast-qual -Wall -Wno-unknown-pragmas -Wno-long-long   -DIPOPT_BUILD  conftest.c >&5
configure:30758: $? = 0
configure:30762: test -z 
			 || test ! -s conftest.err
configure:30765: $? = 0
configure:30768: test -s conftest.o
configure:30771: $? = 0
configure:30782: result: yes
configure:30785: checking size of int *
configure:31152: clang -o conftest -O3 -pipe -DNDEBUG -Wimplicit -Wparentheses -Wsequence-point -Wreturn-type -Wcast-qual -Wall -Wno-unknown-pragmas -Wno-long-long   -DIPOPT_BUILD   conftest.c  >&5
configure:31155: $? = 0
configure:31157: ./conftest
configure:31160: $? = 0
configure:31183: result: 8
configure:31235: Using CXXAR="ar cru".
configure:31282: checking cmath usability
configure:31294: clang++ -c -O3 -pipe -DNDEBUG -Wparentheses -Wreturn-type -Wcast-qual -Wall -Wpointer-arith -Wwrite-strings -Wconversion -Wno-unknown-pragmas -Wno-long-long   -DIPOPT_BUILD  conftest.cc >&5
configure:31300: $? = 0
configure:31304: test -z 
			 || test ! -s conftest.err
configure:31307: $? = 0
configure:31310: test -s conftest.o
configure:31313: $? = 0
configure:31323: result: yes
configure:31327: checking cmath presence
configure:31337: clang++ -E  conftest.cc
configure:31343: $? = 0
configure:31363: result: yes
configure:31398: checking for cmath
configure:31405: result: yes
configure:31611: checking cctype usability
configure:31623: clang++ -c -O3 -pipe -DNDEBUG -Wparentheses -Wreturn-type -Wcast-qual -Wall -Wpointer-arith -Wwrite-strings -Wconversion -Wno-unknown-pragmas -Wno-long-long   -DIPOPT_BUILD  conftest.cc >&5
configure:31629: $? = 0
configure:31633: test -z 
			 || test ! -s conftest.err
configure:31636: $? = 0
configure:31639: test -s conftest.o
configure:31642: $? = 0
configure:31652: result: yes
configure:31656: checking cctype presence
configure:31666: clang++ -E  conftest.cc
configure:31672: $? = 0
configure:31692: result: yes
configure:31727: checking for cctype
configure:31734: result: yes
configure:31940: checking cassert usability
configure:31952: clang++ -c -O3 -pipe -DNDEBUG -Wparentheses -Wreturn-type -Wcast-qual -Wall -Wpointer-arith -Wwrite-strings -Wconversion -Wno-unknown-pragmas -Wno-long-long   -DIPOPT_BUILD  conftest.cc >&5
configure:31958: $? = 0
configure:31962: test -z 
			 || test ! -s conftest.err
configure:31965: $? = 0
configure:31968: test -s conftest.o
configure:31971: $? = 0
configure:31981: result: yes
configure:31985: checking cassert presence
configure:31995: clang++ -E  conftest.cc
configure:32001: $? = 0
configure:32021: result: yes
configure:32056: checking for cassert
configure:32063: result: yes
configure:32269: checking cstdio usability
configure:32281: clang++ -c -O3 -pipe -DNDEBUG -Wparentheses -Wreturn-type -Wcast-qual -Wall -Wpointer-arith -Wwrite-strings -Wconversion -Wno-unknown-pragmas -Wno-long-long   -DIPOPT_BUILD  conftest.cc >&5
configure:32287: $? = 0
configure:32291: test -z 
			 || test ! -s conftest.err
configure:32294: $? = 0
configure:32297: test -s conftest.o
configure:32300: $? = 0
configure:32310: result: yes
configure:32314: checking cstdio presence
configure:32324: clang++ -E  conftest.cc
configure:32330: $? = 0
configure:32350: result: yes
configure:32385: checking for cstdio
configure:32392: result: yes
configure:32598: checking cstdlib usability
configure:32610: clang++ -c -O3 -pipe -DNDEBUG -Wparentheses -Wreturn-type -Wcast-qual -Wall -Wpointer-arith -Wwrite-strings -Wconversion -Wno-unknown-pragmas -Wno-long-long   -DIPOPT_BUILD  conftest.cc >&5
configure:32616: $? = 0
configure:32620: test -z 
			 || test ! -s conftest.err
configure:32623: $? = 0
configure:32626: test -s conftest.o
configure:32629: $? = 0
configure:32639: result: yes
configure:32643: checking cstdlib presence
configure:32653: clang++ -E  conftest.cc
configure:32659: $? = 0
configure:32679: result: yes
configure:32714: checking for cstdlib
configure:32721: result: yes
configure:32927: checking cstdarg usability
configure:32939: clang++ -c -O3 -pipe -DNDEBUG -Wparentheses -Wreturn-type -Wcast-qual -Wall -Wpointer-arith -Wwrite-strings -Wconversion -Wno-unknown-pragmas -Wno-long-long   -DIPOPT_BUILD  conftest.cc >&5
configure:32945: $? = 0
configure:32949: test -z 
			 || test ! -s conftest.err
configure:32952: $? = 0
configure:32955: test -s conftest.o
configure:32958: $? = 0
configure:32968: result: yes
configure:32972: checking cstdarg presence
configure:32982: clang++ -E  conftest.cc
configure:32988: $? = 0
configure:33008: result: yes
configure:33043: checking for cstdarg
configure:33050: result: yes
configure:33256: checking cstring usability
configure:33268: clang++ -c -O3 -pipe -DNDEBUG -Wparentheses -Wreturn-type -Wcast-qual -Wall -Wpointer-arith -Wwrite-strings -Wconversion -Wno-unknown-pragmas -Wno-long-long   -DIPOPT_BUILD  conftest.cc >&5
configure:33274: $? = 0
configure:33278: test -z 
			 || test ! -s conftest.err
configure:33281: $? = 0
configure:33284: test -s conftest.o
configure:33287: $? = 0
configure:33297: result: yes
configure:33301: checking cstring presence
configure:33311: clang++ -E  conftest.cc
configure:33317: $? = 0
configure:33337: result: yes
configure:33372: checking for cstring
configure:33379: result: yes
configure:33585: checking cfloat usability
configure:33597: clang++ -c -O3 -pipe -DNDEBUG -Wparentheses -Wreturn-type -Wcast-qual -Wall -Wpointer-arith -Wwrite-strings -Wconversion -Wno-unknown-pragmas -Wno-long-long   -DIPOPT_BUILD  conftest.cc >&5
configure:33603: $? = 0
configure:33607: test -z 
			 || test ! -s conftest.err
configure:33610: $? = 0
configure:33613: test -s conftest.o
configure:33616: $? = 0
configure:33626: result: yes
configure:33630: checking cfloat presence
configure:33640: clang++ -E  conftest.cc
configure:33646: $? = 0
configure:33666: result: yes
configure:33701: checking for cfloat
configure:33708: result: yes
configure:33914: checking ctime usability
configure:33926: clang++ -c -O3 -pipe -DNDEBUG -Wparentheses -Wreturn-type -Wcast-qual -Wall -Wpointer-arith -Wwrite-strings -Wconversion -Wno-unknown-pragmas -Wno-long-long   -DIPOPT_BUILD  conftest.cc >&5
configure:33932: $? = 0
configure:33936: test -z 
			 || test ! -s conftest.err
configure:33939: $? = 0
configure:33942: test -s conftest.o
configure:33945: $? = 0
configure:33955: result: yes
configure:33959: checking ctime presence
configure:33969: clang++ -E  conftest.cc
configure:33975: $? = 0
configure:33995: result: yes
configure:34030: checking for ctime
configure:34037: result: yes
configure:34243: checking cstddef usability
configure:34255: clang++ -c -O3 -pipe -DNDEBUG -Wparentheses -Wreturn-type -Wcast-qual -Wall -Wpointer-arith -Wwrite-strings -Wconversion -Wno-unknown-pragmas -Wno-long-long   -DIPOPT_BUILD  conftest.cc >&5
configure:34261: $? = 0
configure:34265: test -z 
			 || test ! -s conftest.err
configure:34268: $? = 0
configure:34271: test -s conftest.o
configure:34274: $? = 0
configure:34284: result: yes
configure:34288: checking cstddef presence
configure:34298: clang++ -E  conftest.cc
configure:34304: $? = 0
configure:34324: result: yes
configure:34359: checking for cstddef
configure:34366: result: yes
configure:34577: checking for cmath
configure:34582: result: yes
configure:34906: checking for cfloat
configure:34911: result: yes
configure:35244: checking cieeefp usability
configure:35256: clang++ -c -O3 -pipe -DNDEBUG -Wparentheses -Wreturn-type -Wcast-qual -Wall -Wpointer-arith -Wwrite-strings -Wconversion -Wno-unknown-pragmas -Wno-long-long   -DIPOPT_BUILD  conftest.cc >&5
conftest.cc:84:10: fatal error: 'cieeefp' file not found
#include <cieeefp>
         ^~~~~~~~~
1 error generated.
configure:35262: $? = 1
configure: failed program was:
| /* confdefs.h.  */
| 
| #define PACKAGE_NAME "Ipopt"
| #define PACKAGE_TARNAME "ipopt"
| #define PACKAGE_VERSION "3.12"
| #define PACKAGE_STRING "Ipopt 3.12"
| #define PACKAGE_BUGREPORT "http://projects.coin-or.org/Ipopt/newticket"
| #define IPOPT_VERSION "3.12"
| #define IPOPT_VERSION_MAJOR 3
| #define IPOPT_VERSION_MINOR 12
| #define IPOPT_VERSION_RELEASE 9999
| #define IPOPT_SVN_REV 2714
| #define COIN_IPOPT_VERBOSITY 0
| #define COIN_IPOPT_CHECKLEVEL 0
| #ifdef __cplusplus
| extern "C" void exit (int);
| #endif
| #define F77_FUNC(name,NAME) name ## _
| #define F77_FUNC_(name,NAME) name ## _
| #define PACKAGE "ipopt"
| #define VERSION "3.12"
| #define STDC_HEADERS 1
| #define HAVE_SYS_TYPES_H 1
| #define HAVE_SYS_STAT_H 1
| #define HAVE_STDLIB_H 1
| #define HAVE_STRING_H 1
| #define HAVE_MEMORY_H 1
| #define HAVE_STRINGS_H 1
| #define HAVE_INTTYPES_H 1
| #define HAVE_STDINT_H 1
| #define HAVE_UNISTD_H 1
| #define HAVE_DLFCN_H 1
| #define COIN_HAS_BLAS 1
| #define COIN_HAS_LAPACK 1
| #define COIN_HAS_HSL 1
| #define SIZEOF_INT_P 8
| #define HAVE_CMATH 1
| #define HAVE_CCTYPE 1
| #define HAVE_CASSERT 1
| #define HAVE_CSTDIO 1
| #define HAVE_CSTDLIB 1
| #define HAVE_CSTDARG 1
| #define HAVE_CSTRING 1
| #define HAVE_CFLOAT 1
| #define HAVE_CTIME 1
| #define HAVE_CSTDDEF 1
| #define HAVE_CMATH 1
| #define HAVE_CFLOAT 1
| /* end confdefs.h.  */
| #include <stdio.h>
| #if HAVE_SYS_TYPES_H
| # include <sys/types.h>
| #endif
| #if HAVE_SYS_STAT_H
| # include <sys/stat.h>
| #endif
| #if STDC_HEADERS
| # include <stdlib.h>
| # include <stddef.h>
| #else
| # if HAVE_STDLIB_H
| #  include <stdlib.h>
| # endif
| #endif
| #if HAVE_STRING_H
| # if !STDC_HEADERS && HAVE_MEMORY_H
| #  include <memory.h>
| # endif
| # include <string.h>
| #endif
| #if HAVE_STRINGS_H
| # include <strings.h>
| #endif
| #if HAVE_INTTYPES_H
| # include <inttypes.h>
| #else
| # if HAVE_STDINT_H
| #  include <stdint.h>
| # endif
| #endif
| #if HAVE_UNISTD_H
| # include <unistd.h>
| #endif
| #include <cieeefp>
configure:35285: result: no
configure:35289: checking cieeefp presence
configure:35299: clang++ -E  conftest.cc
conftest.cc:50:10: fatal error: 'cieeefp' file not found
#include <cieeefp>
         ^~~~~~~~~
1 error generated.
configure:35305: $? = 1
configure: failed program was:
| /* confdefs.h.  */
| 
| #define PACKAGE_NAME "Ipopt"
| #define PACKAGE_TARNAME "ipopt"
| #define PACKAGE_VERSION "3.12"
| #define PACKAGE_STRING "Ipopt 3.12"
| #define PACKAGE_BUGREPORT "http://projects.coin-or.org/Ipopt/newticket"
| #define IPOPT_VERSION "3.12"
| #define IPOPT_VERSION_MAJOR 3
| #define IPOPT_VERSION_MINOR 12
| #define IPOPT_VERSION_RELEASE 9999
| #define IPOPT_SVN_REV 2714
| #define COIN_IPOPT_VERBOSITY 0
| #define COIN_IPOPT_CHECKLEVEL 0
| #ifdef __cplusplus
| extern "C" void exit (int);
| #endif
| #define F77_FUNC(name,NAME) name ## _
| #define F77_FUNC_(name,NAME) name ## _
| #define PACKAGE "ipopt"
| #define VERSION "3.12"
| #define STDC_HEADERS 1
| #define HAVE_SYS_TYPES_H 1
| #define HAVE_SYS_STAT_H 1
| #define HAVE_STDLIB_H 1
| #define HAVE_STRING_H 1
| #define HAVE_MEMORY_H 1
| #define HAVE_STRINGS_H 1
| #define HAVE_INTTYPES_H 1
| #define HAVE_STDINT_H 1
| #define HAVE_UNISTD_H 1
| #define HAVE_DLFCN_H 1
| #define COIN_HAS_BLAS 1
| #define COIN_HAS_LAPACK 1
| #define COIN_HAS_HSL 1
| #define SIZEOF_INT_P 8
| #define HAVE_CMATH 1
| #define HAVE_CCTYPE 1
| #define HAVE_CASSERT 1
| #define HAVE_CSTDIO 1
| #define HAVE_CSTDLIB 1
| #define HAVE_CSTDARG 1
| #define HAVE_CSTRING 1
| #define HAVE_CFLOAT 1
| #define HAVE_CTIME 1
| #define HAVE_CSTDDEF 1
| #define HAVE_CMATH 1
| #define HAVE_CFLOAT 1
| /* end confdefs.h.  */
| #include <cieeefp>
configure:35325: result: no
configure:35360: checking for cieeefp
configure:35367: result: no
configure:35402: checking ieeefp.h usability
configure:35414: clang++ -c -O3 -pipe -DNDEBUG -Wparentheses -Wreturn-type -Wcast-qual -Wall -Wpointer-arith -Wwrite-strings -Wconversion -Wno-unknown-pragmas -Wno-long-long   -DIPOPT_BUILD  conftest.cc >&5
conftest.cc:84:10: fatal error: 'ieeefp.h' file not found
#include <ieeefp.h>
         ^~~~~~~~~~
1 error generated.
configure:35420: $? = 1
configure: failed program was:
| /* confdefs.h.  */
| 
| #define PACKAGE_NAME "Ipopt"
| #define PACKAGE_TARNAME "ipopt"
| #define PACKAGE_VERSION "3.12"
| #define PACKAGE_STRING "Ipopt 3.12"
| #define PACKAGE_BUGREPORT "http://projects.coin-or.org/Ipopt/newticket"
| #define IPOPT_VERSION "3.12"
| #define IPOPT_VERSION_MAJOR 3
| #define IPOPT_VERSION_MINOR 12
| #define IPOPT_VERSION_RELEASE 9999
| #define IPOPT_SVN_REV 2714
| #define COIN_IPOPT_VERBOSITY 0
| #define COIN_IPOPT_CHECKLEVEL 0
| #ifdef __cplusplus
| extern "C" void exit (int);
| #endif
| #define F77_FUNC(name,NAME) name ## _
| #define F77_FUNC_(name,NAME) name ## _
| #define PACKAGE "ipopt"
| #define VERSION "3.12"
| #define STDC_HEADERS 1
| #define HAVE_SYS_TYPES_H 1
| #define HAVE_SYS_STAT_H 1
| #define HAVE_STDLIB_H 1
| #define HAVE_STRING_H 1
| #define HAVE_MEMORY_H 1
| #define HAVE_STRINGS_H 1
| #define HAVE_INTTYPES_H 1
| #define HAVE_STDINT_H 1
| #define HAVE_UNISTD_H 1
| #define HAVE_DLFCN_H 1
| #define COIN_HAS_BLAS 1
| #define COIN_HAS_LAPACK 1
| #define COIN_HAS_HSL 1
| #define SIZEOF_INT_P 8
| #define HAVE_CMATH 1
| #define HAVE_CCTYPE 1
| #define HAVE_CASSERT 1
| #define HAVE_CSTDIO 1
| #define HAVE_CSTDLIB 1
| #define HAVE_CSTDARG 1
| #define HAVE_CSTRING 1
| #define HAVE_CFLOAT 1
| #define HAVE_CTIME 1
| #define HAVE_CSTDDEF 1
| #define HAVE_CMATH 1
| #define HAVE_CFLOAT 1
| /* end confdefs.h.  */
| #include <stdio.h>
| #if HAVE_SYS_TYPES_H
| # include <sys/types.h>
| #endif
| #if HAVE_SYS_STAT_H
| # include <sys/stat.h>
| #endif
| #if STDC_HEADERS
| # include <stdlib.h>
| # include <stddef.h>
| #else
| # if HAVE_STDLIB_H
| #  include <stdlib.h>
| # endif
| #endif
| #if HAVE_STRING_H
| # if !STDC_HEADERS && HAVE_MEMORY_H
| #  include <memory.h>
| # endif
| # include <string.h>
| #endif
| #if HAVE_STRINGS_H
| # include <strings.h>
| #endif
| #if HAVE_INTTYPES_H
| # include <inttypes.h>
| #else
| # if HAVE_STDINT_H
| #  include <stdint.h>
| # endif
| #endif
| #if HAVE_UNISTD_H
| # include <unistd.h>
| #endif
| #include <ieeefp.h>
configure:35443: result: no
configure:35447: checking ieeefp.h presence
configure:35457: clang++ -E  conftest.cc
conftest.cc:50:10: fatal error: 'ieeefp.h' file not found
#include <ieeefp.h>
         ^~~~~~~~~~
1 error generated.
configure:35463: $? = 1
configure: failed program was:
| /* confdefs.h.  */
| 
| #define PACKAGE_NAME "Ipopt"
| #define PACKAGE_TARNAME "ipopt"
| #define PACKAGE_VERSION "3.12"
| #define PACKAGE_STRING "Ipopt 3.12"
| #define PACKAGE_BUGREPORT "http://projects.coin-or.org/Ipopt/newticket"
| #define IPOPT_VERSION "3.12"
| #define IPOPT_VERSION_MAJOR 3
| #define IPOPT_VERSION_MINOR 12
| #define IPOPT_VERSION_RELEASE 9999
| #define IPOPT_SVN_REV 2714
| #define COIN_IPOPT_VERBOSITY 0
| #define COIN_IPOPT_CHECKLEVEL 0
| #ifdef __cplusplus
| extern "C" void exit (int);
| #endif
| #define F77_FUNC(name,NAME) name ## _
| #define F77_FUNC_(name,NAME) name ## _
| #define PACKAGE "ipopt"
| #define VERSION "3.12"
| #define STDC_HEADERS 1
| #define HAVE_SYS_TYPES_H 1
| #define HAVE_SYS_STAT_H 1
| #define HAVE_STDLIB_H 1
| #define HAVE_STRING_H 1
| #define HAVE_MEMORY_H 1
| #define HAVE_STRINGS_H 1
| #define HAVE_INTTYPES_H 1
| #define HAVE_STDINT_H 1
| #define HAVE_UNISTD_H 1
| #define HAVE_DLFCN_H 1
| #define COIN_HAS_BLAS 1
| #define COIN_HAS_LAPACK 1
| #define COIN_HAS_HSL 1
| #define SIZEOF_INT_P 8
| #define HAVE_CMATH 1
| #define HAVE_CCTYPE 1
| #define HAVE_CASSERT 1
| #define HAVE_CSTDIO 1
| #define HAVE_CSTDLIB 1
| #define HAVE_CSTDARG 1
| #define HAVE_CSTRING 1
| #define HAVE_CFLOAT 1
| #define HAVE_CTIME 1
| #define HAVE_CSTDDEF 1
| #define HAVE_CMATH 1
| #define HAVE_CFLOAT 1
| /* end confdefs.h.  */
| #include <ieeefp.h>
configure:35483: result: no
configure:35518: checking for ieeefp.h
configure:35525: result: no
configure:35549: checking whether isfinite is declared
configure:35603: clang++ -c -O3 -pipe -DNDEBUG -Wparentheses -Wreturn-type -Wcast-qual -Wall -Wpointer-arith -Wwrite-strings -Wconversion -Wno-unknown-pragmas -Wno-long-long   -DIPOPT_BUILD  conftest.cc >&5
conftest.cc:85:22: error: address of overloaded function 'isfinite' does not match required type 'char'
  char *p = (char *) isfinite;
                     ^~~~~~~~
/usr/local/Cellar/llvm/6.0.0/include/c++/v1/math.h:439:1: note: candidate template ignored: could not match 'typename std::enable_if<std::is_arithmetic<_A1>::value && std::numeric_limits<_A1>::has_infinity, bool>::type (_A1) noexcept' against 'char'
isfinite(_A1 __lcpp_x) _NOEXCEPT
^
/usr/local/Cellar/llvm/6.0.0/include/c++/v1/math.h:449:1: note: candidate template ignored: could not match 'typename std::enable_if<std::is_arithmetic<_A1>::value && !std::numeric_limits<_A1>::has_infinity, bool>::type (_A1) noexcept' against 'char'
isfinite(_A1) _NOEXCEPT
^
1 error generated.
configure:35609: $? = 1
configure: failed program was:
| /* confdefs.h.  */
| 
| #define PACKAGE_NAME "Ipopt"
| #define PACKAGE_TARNAME "ipopt"
| #define PACKAGE_VERSION "3.12"
| #define PACKAGE_STRING "Ipopt 3.12"
| #define PACKAGE_BUGREPORT "http://projects.coin-or.org/Ipopt/newticket"
| #define IPOPT_VERSION "3.12"
| #define IPOPT_VERSION_MAJOR 3
| #define IPOPT_VERSION_MINOR 12
| #define IPOPT_VERSION_RELEASE 9999
| #define IPOPT_SVN_REV 2714
| #define COIN_IPOPT_VERBOSITY 0
| #define COIN_IPOPT_CHECKLEVEL 0
| #ifdef __cplusplus
| extern "C" void exit (int);
| #endif
| #define F77_FUNC(name,NAME) name ## _
| #define F77_FUNC_(name,NAME) name ## _
| #define PACKAGE "ipopt"
| #define VERSION "3.12"
| #define STDC_HEADERS 1
| #define HAVE_SYS_TYPES_H 1
| #define HAVE_SYS_STAT_H 1
| #define HAVE_STDLIB_H 1
| #define HAVE_STRING_H 1
| #define HAVE_MEMORY_H 1
| #define HAVE_STRINGS_H 1
| #define HAVE_INTTYPES_H 1
| #define HAVE_STDINT_H 1
| #define HAVE_UNISTD_H 1
| #define HAVE_DLFCN_H 1
| #define COIN_HAS_BLAS 1
| #define COIN_HAS_LAPACK 1
| #define COIN_HAS_HSL 1
| #define SIZEOF_INT_P 8
| #define HAVE_CMATH 1
| #define HAVE_CCTYPE 1
| #define HAVE_CASSERT 1
| #define HAVE_CSTDIO 1
| #define HAVE_CSTDLIB 1
| #define HAVE_CSTDARG 1
| #define HAVE_CSTRING 1
| #define HAVE_CFLOAT 1
| #define HAVE_CTIME 1
| #define HAVE_CSTDDEF 1
| #define HAVE_CMATH 1
| #define HAVE_CFLOAT 1
| /* end confdefs.h.  */
| 
| #ifdef HAVE_CMATH
| # include <cmath>
| #else
| # ifdef HAVE_MATH_H
| #  include <math.h>
| # endif
| #endif
| #ifdef HAVE_CFLOAT
| # include <cfloat>
| #else
| # ifdef HAVE_FLOAT_H
| #  include <float.h>
| # endif
| #endif
| #ifdef HAVE_CIEEEFP
| # include <cieeefp>
| #else
| # ifdef HAVE_IEEEFP_H
| #  include <ieeefp.h>
| # endif
| #endif
| 
| #ifdef F77_DUMMY_MAIN
| 
| #  ifdef __cplusplus
|      extern "C"
| #  endif
|    int F77_DUMMY_MAIN() { return 1; }
| 
| #endif
| int
| main ()
| {
| #ifndef isfinite
|   char *p = (char *) isfinite;
| #endif
| 
|   ;
|   return 0;
| }
configure:35633: result: no
configure:35640: checking whether finite is declared
configure:35694: clang++ -c -O3 -pipe -DNDEBUG -Wparentheses -Wreturn-type -Wcast-qual -Wall -Wpointer-arith -Wwrite-strings -Wconversion -Wno-unknown-pragmas -Wno-long-long   -DIPOPT_BUILD  conftest.cc >&5
conftest.cc:85:22: warning: 'finite' is deprecated: first deprecated in macOS 10.9 [-Wdeprecated-declarations]
  char *p = (char *) finite;
                     ^
/usr/include/math.h:757:12: note: 'finite' has been explicitly marked deprecated here
extern int finite(double) __OSX_AVAILABLE_BUT_DEPRECATED(__MAC_10_0, __MAC_10_9, __IPHONE_NA, __IPHONE_NA);
           ^
conftest.cc:85:9: warning: unused variable 'p' [-Wunused-variable]
  char *p = (char *) finite;
        ^
2 warnings generated.
configure:35700: $? = 0
configure:35704: test -z 
			 || test ! -s conftest.err
configure:35707: $? = 0
configure:35710: test -s conftest.o
configure:35713: $? = 0
configure:35724: result: yes
configure:35846: checking whether va_copy is declared
configure:35886: clang++ -c -O3 -pipe -DNDEBUG -Wparentheses -Wreturn-type -Wcast-qual -Wall -Wpointer-arith -Wwrite-strings -Wconversion -Wno-unknown-pragmas -Wno-long-long   -DIPOPT_BUILD  conftest.cc >&5
configure:35892: $? = 0
configure:35896: test -z 
			 || test ! -s conftest.err
configure:35899: $? = 0
configure:35902: test -s conftest.o
configure:35905: $? = 0
configure:35916: result: yes
configure:35931: checking whether drand48 is declared
configure:35972: clang++ -c -O3 -pipe -DNDEBUG -Wparentheses -Wreturn-type -Wcast-qual -Wall -Wpointer-arith -Wwrite-strings -Wconversion -Wno-unknown-pragmas -Wno-long-long   -DIPOPT_BUILD  conftest.cc >&5
conftest.cc:74:9: warning: unused variable 'p' [-Wunused-variable]
  char *p = (char *) drand48;
        ^
1 warning generated.
configure:35978: $? = 0
configure:35982: test -z 
			 || test ! -s conftest.err
configure:35985: $? = 0
configure:35988: test -s conftest.o
configure:35991: $? = 0
configure:36002: result: yes
configure:36013: checking whether rand is declared
configure:36054: clang++ -c -O3 -pipe -DNDEBUG -Wparentheses -Wreturn-type -Wcast-qual -Wall -Wpointer-arith -Wwrite-strings -Wconversion -Wno-unknown-pragmas -Wno-long-long   -DIPOPT_BUILD  conftest.cc >&5
conftest.cc:75:9: warning: unused variable 'p' [-Wunused-variable]
  char *p = (char *) rand;
        ^
1 warning generated.
configure:36060: $? = 0
configure:36064: test -z 
			 || test ! -s conftest.err
configure:36067: $? = 0
configure:36070: test -s conftest.o
configure:36073: $? = 0
configure:36084: result: yes
configure:36095: checking whether srand is declared
configure:36136: clang++ -c -O3 -pipe -DNDEBUG -Wparentheses -Wreturn-type -Wcast-qual -Wall -Wpointer-arith -Wwrite-strings -Wconversion -Wno-unknown-pragmas -Wno-long-long   -DIPOPT_BUILD  conftest.cc >&5
conftest.cc:76:9: warning: unused variable 'p' [-Wunused-variable]
  char *p = (char *) srand;
        ^
1 warning generated.
configure:36142: $? = 0
configure:36146: test -z 
			 || test ! -s conftest.err
configure:36149: $? = 0
configure:36152: test -s conftest.o
configure:36155: $? = 0
configure:36166: result: yes
configure:36200: checking whether MA28 is available with HSL
configure:36231: clang -E  -I/Users/philip/Documents/robots/CoinIpopt/ThirdParty/HSL -I/Users/philip/Documents/robots/CoinIpopt/build/ThirdParty/HSL conftest.c
configure:36237: $? = 0
configure:36249: result: yes
configure:36313: checking for mkl_get_version_string
configure:36378: clang -o conftest -O3 -pipe -DNDEBUG -Wimplicit -Wparentheses -Wsequence-point -Wreturn-type -Wcast-qual -Wall -Wno-unknown-pragmas -Wno-long-long   -DIPOPT_BUILD   conftest.c  -framework Accelerate -framework Accelerate >&5
Undefined symbols for architecture x86_64:
  "_mkl_get_version_string", referenced from:
      _main in conftest-a2a349.o
      _f in conftest-a2a349.o
ld: symbol(s) not found for architecture x86_64
clang-6.0: error: linker command failed with exit code 1 (use -v to see invocation)
configure:36384: $? = 1
configure: failed program was:
| /* confdefs.h.  */
| 
| #define PACKAGE_NAME "Ipopt"
| #define PACKAGE_TARNAME "ipopt"
| #define PACKAGE_VERSION "3.12"
| #define PACKAGE_STRING "Ipopt 3.12"
| #define PACKAGE_BUGREPORT "http://projects.coin-or.org/Ipopt/newticket"
| #define IPOPT_VERSION "3.12"
| #define IPOPT_VERSION_MAJOR 3
| #define IPOPT_VERSION_MINOR 12
| #define IPOPT_VERSION_RELEASE 9999
| #define IPOPT_SVN_REV 2714
| #define COIN_IPOPT_VERBOSITY 0
| #define COIN_IPOPT_CHECKLEVEL 0
| #ifdef __cplusplus
| extern "C" void exit (int);
| #endif
| #define F77_FUNC(name,NAME) name ## _
| #define F77_FUNC_(name,NAME) name ## _
| #define PACKAGE "ipopt"
| #define VERSION "3.12"
| #define STDC_HEADERS 1
| #define HAVE_SYS_TYPES_H 1
| #define HAVE_SYS_STAT_H 1
| #define HAVE_STDLIB_H 1
| #define HAVE_STRING_H 1
| #define HAVE_MEMORY_H 1
| #define HAVE_STRINGS_H 1
| #define HAVE_INTTYPES_H 1
| #define HAVE_STDINT_H 1
| #define HAVE_UNISTD_H 1
| #define HAVE_DLFCN_H 1
| #define COIN_HAS_BLAS 1
| #define COIN_HAS_LAPACK 1
| #define COIN_HAS_HSL 1
| #define SIZEOF_INT_P 8
| #define HAVE_CMATH 1
| #define HAVE_CCTYPE 1
| #define HAVE_CASSERT 1
| #define HAVE_CSTDIO 1
| #define HAVE_CSTDLIB 1
| #define HAVE_CSTDARG 1
| #define HAVE_CSTRING 1
| #define HAVE_CFLOAT 1
| #define HAVE_CTIME 1
| #define HAVE_CSTDDEF 1
| #define HAVE_CMATH 1
| #define HAVE_CFLOAT 1
| #define COIN_C_FINITE finite
| #define HAVE_VA_COPY 1
| #define HAVE_DRAND48 1
| #define HAVE_RAND 1
| #define HAVE_STD__RAND 1
| /* end confdefs.h.  */
| /* Define mkl_get_version_string to an innocuous variant, in case <limits.h> declares mkl_get_version_string.
|    For example, HP-UX 11i <limits.h> declares gettimeofday.  */
| #define mkl_get_version_string innocuous_mkl_get_version_string
| 
| /* System header to define __stub macros and hopefully few prototypes,
|     which can conflict with char mkl_get_version_string (); below.
|     Prefer <limits.h> to <assert.h> if __STDC__ is defined, since
|     <limits.h> exists even on freestanding compilers.  */
| 
| #ifdef __STDC__
| # include <limits.h>
| #else
| # include <assert.h>
| #endif
| 
| #undef mkl_get_version_string
| 
| /* Override any gcc2 internal prototype to avoid an error.  */
| #ifdef __cplusplus
| extern "C"
| {
| #endif
| /* We use char because int might match the return type of a gcc2
|    builtin and then its argument prototype would still apply.  */
| char mkl_get_version_string ();
| /* The GNU C library defines this for functions which it implements
|     to always fail with ENOSYS.  Some functions are actually named
|     something starting with __ and the normal name is an alias.  */
| #if defined (__stub_mkl_get_version_string) || defined (__stub___mkl_get_version_string)
| choke me
| #else
| char (*f) () = mkl_get_version_string;
| #endif
| #ifdef __cplusplus
| }
| #endif
| 
| #ifdef F77_DUMMY_MAIN
| 
| #  ifdef __cplusplus
|      extern "C"
| #  endif
|    int F77_DUMMY_MAIN() { return 1; }
| 
| #endif
| int
| main ()
| {
| return f != mkl_get_version_string;
|   ;
|   return 0;
| }
configure:36409: result: no
configure:36823: checking for MPI_Initialized
configure:36888: clang++ -o conftest -O3 -pipe -DNDEBUG -Wparentheses -Wreturn-type -Wcast-qual -Wall -Wpointer-arith -Wwrite-strings -Wconversion -Wno-unknown-pragmas -Wno-long-long   -DIPOPT_BUILD   conftest.cc  >&5
Undefined symbols for architecture x86_64:
  "_MPI_Initialized", referenced from:
      _main in conftest-dc5699.o
      _f in conftest-dc5699.o
ld: symbol(s) not found for architecture x86_64
clang-6.0: error: linker command failed with exit code 1 (use -v to see invocation)
configure:36894: $? = 1
configure: failed program was:
| /* confdefs.h.  */
| 
| #define PACKAGE_NAME "Ipopt"
| #define PACKAGE_TARNAME "ipopt"
| #define PACKAGE_VERSION "3.12"
| #define PACKAGE_STRING "Ipopt 3.12"
| #define PACKAGE_BUGREPORT "http://projects.coin-or.org/Ipopt/newticket"
| #define IPOPT_VERSION "3.12"
| #define IPOPT_VERSION_MAJOR 3
| #define IPOPT_VERSION_MINOR 12
| #define IPOPT_VERSION_RELEASE 9999
| #define IPOPT_SVN_REV 2714
| #define COIN_IPOPT_VERBOSITY 0
| #define COIN_IPOPT_CHECKLEVEL 0
| #ifdef __cplusplus
| extern "C" void exit (int);
| #endif
| #define F77_FUNC(name,NAME) name ## _
| #define F77_FUNC_(name,NAME) name ## _
| #define PACKAGE "ipopt"
| #define VERSION "3.12"
| #define STDC_HEADERS 1
| #define HAVE_SYS_TYPES_H 1
| #define HAVE_SYS_STAT_H 1
| #define HAVE_STDLIB_H 1
| #define HAVE_STRING_H 1
| #define HAVE_MEMORY_H 1
| #define HAVE_STRINGS_H 1
| #define HAVE_INTTYPES_H 1
| #define HAVE_STDINT_H 1
| #define HAVE_UNISTD_H 1
| #define HAVE_DLFCN_H 1
| #define COIN_HAS_BLAS 1
| #define COIN_HAS_LAPACK 1
| #define COIN_HAS_HSL 1
| #define SIZEOF_INT_P 8
| #define HAVE_CMATH 1
| #define HAVE_CCTYPE 1
| #define HAVE_CASSERT 1
| #define HAVE_CSTDIO 1
| #define HAVE_CSTDLIB 1
| #define HAVE_CSTDARG 1
| #define HAVE_CSTRING 1
| #define HAVE_CFLOAT 1
| #define HAVE_CTIME 1
| #define HAVE_CSTDDEF 1
| #define HAVE_CMATH 1
| #define HAVE_CFLOAT 1
| #define COIN_C_FINITE finite
| #define HAVE_VA_COPY 1
| #define HAVE_DRAND48 1
| #define HAVE_RAND 1
| #define HAVE_STD__RAND 1
| /* end confdefs.h.  */
| /* Define MPI_Initialized to an innocuous variant, in case <limits.h> declares MPI_Initialized.
|    For example, HP-UX 11i <limits.h> declares gettimeofday.  */
| #define MPI_Initialized innocuous_MPI_Initialized
| 
| /* System header to define __stub macros and hopefully few prototypes,
|     which can conflict with char MPI_Initialized (); below.
|     Prefer <limits.h> to <assert.h> if __STDC__ is defined, since
|     <limits.h> exists even on freestanding compilers.  */
| 
| #ifdef __STDC__
| # include <limits.h>
| #else
| # include <assert.h>
| #endif
| 
| #undef MPI_Initialized
| 
| /* Override any gcc2 internal prototype to avoid an error.  */
| #ifdef __cplusplus
| extern "C"
| {
| #endif
| /* We use char because int might match the return type of a gcc2
|    builtin and then its argument prototype would still apply.  */
| char MPI_Initialized ();
| /* The GNU C library defines this for functions which it implements
|     to always fail with ENOSYS.  Some functions are actually named
|     something starting with __ and the normal name is an alias.  */
| #if defined (__stub_MPI_Initialized) || defined (__stub___MPI_Initialized)
| choke me
| #else
| char (*f) () = MPI_Initialized;
| #endif
| #ifdef __cplusplus
| }
| #endif
| 
| #ifdef F77_DUMMY_MAIN
| 
| #  ifdef __cplusplus
|      extern "C"
| #  endif
|    int F77_DUMMY_MAIN() { return 1; }
| 
| #endif
| int
| main ()
| {
| return f != MPI_Initialized;
|   ;
|   return 0;
| }
configure:36919: result: no
configure:37103: checking whether this is a VPATH configuration
configure:37110: result: yes
configure:37132: checking for matlab installation
configure:37193: result: no
configure:37400: checking whether the linear solver loader should be compiled
configure:37402: result: yes
configure:37484: checking windows.h usability
configure:37496: clang -c -O3 -pipe -DNDEBUG -Wimplicit -Wparentheses -Wsequence-point -Wreturn-type -Wcast-qual -Wall -Wno-unknown-pragmas -Wno-long-long   -DIPOPT_BUILD  conftest.c >&5
conftest.c:91:10: fatal error: 'windows.h' file not found
#include <windows.h>
         ^~~~~~~~~~~
1 error generated.
configure:37502: $? = 1
configure: failed program was:
| /* confdefs.h.  */
| 
| #define PACKAGE_NAME "Ipopt"
| #define PACKAGE_TARNAME "ipopt"
| #define PACKAGE_VERSION "3.12"
| #define PACKAGE_STRING "Ipopt 3.12"
| #define PACKAGE_BUGREPORT "http://projects.coin-or.org/Ipopt/newticket"
| #define IPOPT_VERSION "3.12"
| #define IPOPT_VERSION_MAJOR 3
| #define IPOPT_VERSION_MINOR 12
| #define IPOPT_VERSION_RELEASE 9999
| #define IPOPT_SVN_REV 2714
| #define COIN_IPOPT_VERBOSITY 0
| #define COIN_IPOPT_CHECKLEVEL 0
| #ifdef __cplusplus
| extern "C" void exit (int);
| #endif
| #define F77_FUNC(name,NAME) name ## _
| #define F77_FUNC_(name,NAME) name ## _
| #define PACKAGE "ipopt"
| #define VERSION "3.12"
| #define STDC_HEADERS 1
| #define HAVE_SYS_TYPES_H 1
| #define HAVE_SYS_STAT_H 1
| #define HAVE_STDLIB_H 1
| #define HAVE_STRING_H 1
| #define HAVE_MEMORY_H 1
| #define HAVE_STRINGS_H 1
| #define HAVE_INTTYPES_H 1
| #define HAVE_STDINT_H 1
| #define HAVE_UNISTD_H 1
| #define HAVE_DLFCN_H 1
| #define COIN_HAS_BLAS 1
| #define COIN_HAS_LAPACK 1
| #define COIN_HAS_HSL 1
| #define SIZEOF_INT_P 8
| #define HAVE_CMATH 1
| #define HAVE_CCTYPE 1
| #define HAVE_CASSERT 1
| #define HAVE_CSTDIO 1
| #define HAVE_CSTDLIB 1
| #define HAVE_CSTDARG 1
| #define HAVE_CSTRING 1
| #define HAVE_CFLOAT 1
| #define HAVE_CTIME 1
| #define HAVE_CSTDDEF 1
| #define HAVE_CMATH 1
| #define HAVE_CFLOAT 1
| #define COIN_C_FINITE finite
| #define HAVE_VA_COPY 1
| #define HAVE_DRAND48 1
| #define HAVE_RAND 1
| #define HAVE_STD__RAND 1
| #define FORTRAN_INTEGER_TYPE int
| #define HAVE_LINEARSOLVERLOADER 1
| /* end confdefs.h.  */
| #include <stdio.h>
| #if HAVE_SYS_TYPES_H
| # include <sys/types.h>
| #endif
| #if HAVE_SYS_STAT_H
| # include <sys/stat.h>
| #endif
| #if STDC_HEADERS
| # include <stdlib.h>
| # include <stddef.h>
| #else
| # if HAVE_STDLIB_H
| #  include <stdlib.h>
| # endif
| #endif
| #if HAVE_STRING_H
| # if !STDC_HEADERS && HAVE_MEMORY_H
| #  include <memory.h>
| # endif
| # include <string.h>
| #endif
| #if HAVE_STRINGS_H
| # include <strings.h>
| #endif
| #if HAVE_INTTYPES_H
| # include <inttypes.h>
| #else
| # if HAVE_STDINT_H
| #  include <stdint.h>
| # endif
| #endif
| #if HAVE_UNISTD_H
| # include <unistd.h>
| #endif
| #include <windows.h>
configure:37525: result: no
configure:37529: checking windows.h presence
configure:37539: clang -E  conftest.c
conftest.c:57:10: fatal error: 'windows.h' file not found
#include <windows.h>
         ^~~~~~~~~~~
1 error generated.
configure:37545: $? = 1
configure: failed program was:
| /* confdefs.h.  */
| 
| #define PACKAGE_NAME "Ipopt"
| #define PACKAGE_TARNAME "ipopt"
| #define PACKAGE_VERSION "3.12"
| #define PACKAGE_STRING "Ipopt 3.12"
| #define PACKAGE_BUGREPORT "http://projects.coin-or.org/Ipopt/newticket"
| #define IPOPT_VERSION "3.12"
| #define IPOPT_VERSION_MAJOR 3
| #define IPOPT_VERSION_MINOR 12
| #define IPOPT_VERSION_RELEASE 9999
| #define IPOPT_SVN_REV 2714
| #define COIN_IPOPT_VERBOSITY 0
| #define COIN_IPOPT_CHECKLEVEL 0
| #ifdef __cplusplus
| extern "C" void exit (int);
| #endif
| #define F77_FUNC(name,NAME) name ## _
| #define F77_FUNC_(name,NAME) name ## _
| #define PACKAGE "ipopt"
| #define VERSION "3.12"
| #define STDC_HEADERS 1
| #define HAVE_SYS_TYPES_H 1
| #define HAVE_SYS_STAT_H 1
| #define HAVE_STDLIB_H 1
| #define HAVE_STRING_H 1
| #define HAVE_MEMORY_H 1
| #define HAVE_STRINGS_H 1
| #define HAVE_INTTYPES_H 1
| #define HAVE_STDINT_H 1
| #define HAVE_UNISTD_H 1
| #define HAVE_DLFCN_H 1
| #define COIN_HAS_BLAS 1
| #define COIN_HAS_LAPACK 1
| #define COIN_HAS_HSL 1
| #define SIZEOF_INT_P 8
| #define HAVE_CMATH 1
| #define HAVE_CCTYPE 1
| #define HAVE_CASSERT 1
| #define HAVE_CSTDIO 1
| #define HAVE_CSTDLIB 1
| #define HAVE_CSTDARG 1
| #define HAVE_CSTRING 1
| #define HAVE_CFLOAT 1
| #define HAVE_CTIME 1
| #define HAVE_CSTDDEF 1
| #define HAVE_CMATH 1
| #define HAVE_CFLOAT 1
| #define COIN_C_FINITE finite
| #define HAVE_VA_COPY 1
| #define HAVE_DRAND48 1
| #define HAVE_RAND 1
| #define HAVE_STD__RAND 1
| #define FORTRAN_INTEGER_TYPE int
| #define HAVE_LINEARSOLVERLOADER 1
| /* end confdefs.h.  */
| #include <windows.h>
configure:37565: result: no
configure:37600: checking for windows.h
configure:37607: result: no
configure:37641: checking dlfcn.h usability
configure:37653: clang -c -O3 -pipe -DNDEBUG -Wimplicit -Wparentheses -Wsequence-point -Wreturn-type -Wcast-qual -Wall -Wno-unknown-pragmas -Wno-long-long   -DIPOPT_BUILD  conftest.c >&5
configure:37659: $? = 0
configure:37663: test -z 
			 || test ! -s conftest.err
configure:37666: $? = 0
configure:37669: test -s conftest.o
configure:37672: $? = 0
configure:37682: result: yes
configure:37686: checking dlfcn.h presence
configure:37696: clang -E  conftest.c
configure:37702: $? = 0
configure:37722: result: yes
configure:37757: checking for dlfcn.h
configure:37764: result: yes
configure:37778: checking for dlopen in -ldl
configure:37816: clang -o conftest -O3 -pipe -DNDEBUG -Wimplicit -Wparentheses -Wsequence-point -Wreturn-type -Wcast-qual -Wall -Wno-unknown-pragmas -Wno-long-long   -DIPOPT_BUILD   conftest.c -ldl   >&5
configure:37822: $? = 0
configure:37826: test -z 
			 || test ! -s conftest.err
configure:37829: $? = 0
configure:37832: test -s conftest
configure:37835: $? = 0
configure:37848: result: yes
configure:37890: checking for snprintf
configure:37955: clang -o conftest -O3 -pipe -DNDEBUG -Wimplicit -Wparentheses -Wsequence-point -Wreturn-type -Wcast-qual -Wall -Wno-unknown-pragmas -Wno-long-long   -DIPOPT_BUILD   conftest.c  >&5
conftest.c:83:6: warning: incompatible redeclaration of library function 'snprintf' [-Wincompatible-library-redeclaration]
char snprintf ();
     ^
conftest.c:83:6: note: 'snprintf' is a builtin with type 'int (char *, unsigned long, const char *, ...)'
1 warning generated.
configure:37961: $? = 0
configure:37965: test -z 
			 || test ! -s conftest.err
configure:37968: $? = 0
configure:37971: test -s conftest
configure:37974: $? = 0
configure:37986: result: yes
configure:38001: checking for vsnprintf
configure:38066: clang -o conftest -O3 -pipe -DNDEBUG -Wimplicit -Wparentheses -Wsequence-point -Wreturn-type -Wcast-qual -Wall -Wno-unknown-pragmas -Wno-long-long   -DIPOPT_BUILD   conftest.c  >&5
conftest.c:84:6: warning: incompatible redeclaration of library function 'vsnprintf' [-Wincompatible-library-redeclaration]
char vsnprintf ();
     ^
conftest.c:84:6: note: 'vsnprintf' is a builtin with type 'int (char *, unsigned long, const char *, struct __va_list_tag *)'
1 warning generated.
configure:38072: $? = 0
configure:38076: test -z 
			 || test ! -s conftest.err
configure:38079: $? = 0
configure:38082: test -s conftest
configure:38085: $? = 0
configure:38097: result: yes
configure:38913: checking which command should be used to link input files
configure:38921: result: ln -s
configure:39318: creating ./config.status

## ---------------------- ##
## Running config.status. ##
## ---------------------- ##

This file was extended by Ipopt config.status 3.12, which was
generated by GNU Autoconf 2.59.  Invocation command line was

  CONFIG_FILES    = 
  CONFIG_HEADERS  = 
  CONFIG_LINKS    = 
  CONFIG_COMMANDS = 
  $ ./config.status 

on FartMachine7.local

config.status:937: creating Makefile
config.status:937: creating src/Common/Makefile
config.status:937: creating src/LinAlg/Makefile
config.status:937: creating src/LinAlg/TMatrices/Makefile
config.status:937: creating src/Interfaces/Makefile
config.status:937: creating src/Algorithm/Makefile
config.status:937: creating src/Algorithm/LinearSolvers/Makefile
config.status:937: creating src/Algorithm/Inexact/Makefile
config.status:937: creating src/contrib/CGPenalty/Makefile
config.status:937: creating src/contrib/LinearSolverLoader/Makefile
config.status:937: creating src/Apps/Makefile
config.status:937: creating src/Apps/AmplSolver/Makefile
config.status:937: creating src/Apps/CUTErInterface/Makefile
config.status:937: creating examples/hs071_f/Makefile
config.status:937: creating examples/hs071_f/hs071_f.f
config.status:937: creating examples/Cpp_example/Makefile
config.status:937: creating examples/hs071_cpp/Makefile
config.status:937: creating examples/hs071_c/Makefile
config.status:937: creating examples/ScalableProblems/Makefile
config.status:937: creating tutorial/CodingExercise/C/1-skeleton/Makefile
config.status:937: creating tutorial/CodingExercise/C/2-mistake/Makefile
config.status:937: creating tutorial/CodingExercise/C/3-solution/Makefile
config.status:937: creating tutorial/CodingExercise/Cpp/1-skeleton/Makefile
config.status:937: creating tutorial/CodingExercise/Cpp/2-mistake/Makefile
config.status:937: creating tutorial/CodingExercise/Cpp/3-solution/Makefile
config.status:937: creating tutorial/CodingExercise/Matlab/1-skeleton/startup.m
config.status:937: creating tutorial/CodingExercise/Matlab/2-mistake/startup.m
config.status:937: creating tutorial/CodingExercise/Matlab/3-solution/startup.m
config.status:937: creating tutorial/CodingExercise/Fortran/1-skeleton/TutorialFortran.f
config.status:937: creating tutorial/CodingExercise/Fortran/2-mistake/TutorialFortran.f
config.status:937: creating tutorial/CodingExercise/Fortran/3-solution/TutorialFortran.f
config.status:937: creating tutorial/CodingExercise/Fortran/1-skeleton/Makefile
config.status:937: creating tutorial/CodingExercise/Fortran/2-mistake/Makefile
config.status:937: creating tutorial/CodingExercise/Fortran/3-solution/Makefile
config.status:937: creating test/Makefile
config.status:937: creating test/run_unitTests
config.status:937: creating contrib/MatlabInterface/src/Makefile
config.status:937: creating contrib/MatlabInterface/examples/startup.m
config.status:937: creating contrib/JavaInterface/Makefile
config.status:937: creating contrib/sIPOPT/Makefile
config.status:937: creating contrib/sIPOPT/AmplSolver/Makefile
config.status:937: creating contrib/sIPOPT/examples/parametric_cpp/Makefile
config.status:937: creating contrib/sIPOPT/examples/parametric_dsdp_cpp/Makefile
config.status:937: creating contrib/sIPOPT/examples/redhess_cpp/Makefile
config.status:937: creating contrib/sIPOPT/src/Makefile
config.status:937: creating ipopt.pc
config.status:937: creating ipopt-uninstalled.pc
config.status:937: creating doxydoc/doxygen.conf
config.status:937: creating contrib/RInterface/src/Makevars
config.status:1034: creating src/Common/config.h
config.status:1034: creating src/Common/config_ipopt.h
config.status:1034: creating examples/ScalableProblems/config.h
config.status:1311: linking ../../Ipopt/examples/hs071_cpp/hs071_main.cpp to test/hs071_main.cpp
config.status:1311: linking ../../Ipopt/examples/hs071_cpp/hs071_nlp.cpp to test/hs071_nlp.cpp
config.status:1311: linking ../../Ipopt/examples/hs071_cpp/hs071_nlp.hpp to test/hs071_nlp.hpp
config.status:1311: linking ../../Ipopt/examples/hs071_c/hs071_c.c to test/hs071_c.c
config.status:1548: executing depfiles commands
configure:40995: Creating VPATH links for data files
configure:41043: In case of trouble, first consult the troubleshooting page at https://projects.coin-or.org/BuildTools/wiki/user-troubleshooting
configure:41046: Configuration of Ipopt successful

## ---------------- ##
## Cache variables. ##
## ---------------- ##

ac_cv_build=i386-apple-darwin16.7.0
ac_cv_build_alias=i386-apple-darwin16.7.0
ac_cv_c_compiler_gnu=yes
ac_cv_cxx_compiler_gnu=yes
ac_cv_env_ADD_CFLAGS_set=
ac_cv_env_ADD_CFLAGS_value=
ac_cv_env_ADD_CXXFLAGS_set=
ac_cv_env_ADD_CXXFLAGS_value=
ac_cv_env_ADD_FFLAGS_set=
ac_cv_env_ADD_FFLAGS_value=
ac_cv_env_CC_set=
ac_cv_env_CC_value=
ac_cv_env_CDEFS_set=
ac_cv_env_CDEFS_value=
ac_cv_env_CFLAGS_set=
ac_cv_env_CFLAGS_value=
ac_cv_env_CPPFLAGS_set=
ac_cv_env_CPPFLAGS_value=
ac_cv_env_CPP_set=
ac_cv_env_CPP_value=
ac_cv_env_CXXAR_set=
ac_cv_env_CXXAR_value=
ac_cv_env_CXXCPP_set=
ac_cv_env_CXXCPP_value=
ac_cv_env_CXXDEFS_set=
ac_cv_env_CXXDEFS_value=
ac_cv_env_CXXFLAGS_set=
ac_cv_env_CXXFLAGS_value=
ac_cv_env_CXXLIBS_set=
ac_cv_env_CXXLIBS_value=
ac_cv_env_CXX_set=
ac_cv_env_CXX_value=
ac_cv_env_DBG_CFLAGS_set=
ac_cv_env_DBG_CFLAGS_value=
ac_cv_env_DBG_CXXFLAGS_set=
ac_cv_env_DBG_CXXFLAGS_value=
ac_cv_env_DBG_FFLAGS_set=
ac_cv_env_DBG_FFLAGS_value=
ac_cv_env_F77_set=
ac_cv_env_F77_value=
ac_cv_env_FFLAGS_set=
ac_cv_env_FFLAGS_value=
ac_cv_env_LDFLAGS_set=
ac_cv_env_LDFLAGS_value=
ac_cv_env_MPICC_set=
ac_cv_env_MPICC_value=
ac_cv_env_MPICXX_set=
ac_cv_env_MPICXX_value=
ac_cv_env_MPIF77_set=
ac_cv_env_MPIF77_value=
ac_cv_env_OPT_CFLAGS_set=
ac_cv_env_OPT_CFLAGS_value=
ac_cv_env_OPT_CXXFLAGS_set=
ac_cv_env_OPT_CXXFLAGS_value=
ac_cv_env_OPT_FFLAGS_set=
ac_cv_env_OPT_FFLAGS_value=
ac_cv_env_PKG_CONFIG_set=
ac_cv_env_PKG_CONFIG_value=
ac_cv_env_build_alias_set=
ac_cv_env_build_alias_value=
ac_cv_env_host_alias_set=
ac_cv_env_host_alias_value=
ac_cv_env_target_alias_set=
ac_cv_env_target_alias_value=
ac_cv_exeext=
ac_cv_f77_compiler_gnu=yes
ac_cv_f77_dummy_main=none
ac_cv_f77_libs=' -L/usr/local/Cellar/gcc/7.3.0_1/lib/gcc/7/gcc/x86_64-apple-darwin16.7.0/7.3.0 -L/usr/local/Cellar/gcc/7.3.0_1/lib/gcc/7/gcc/x86_64-apple-darwin16.7.0/7.3.0/../../.. -lgfortran -lSystem -lquadmath -lm'
ac_cv_f77_mangling='lower case, underscore, no extra underscore'
ac_cv_fortran_dummy_main=none
ac_cv_func_MPI_Initialized=no
ac_cv_func_mkl_get_version_string=no
ac_cv_func_snprintf=yes
ac_cv_func_vsnprintf=yes
ac_cv_have_decl_drand48=yes
ac_cv_have_decl_finite=yes
ac_cv_have_decl_isfinite=no
ac_cv_have_decl_rand=yes
ac_cv_have_decl_srand=yes
ac_cv_have_decl_va_copy=yes
ac_cv_header_cassert=yes
ac_cv_header_cctype=yes
ac_cv_header_cfloat=yes
ac_cv_header_cieeefp=no
ac_cv_header_cmath=yes
ac_cv_header_cstdarg=yes
ac_cv_header_cstddef=yes
ac_cv_header_cstdio=yes
ac_cv_header_cstdlib=yes
ac_cv_header_cstring=yes
ac_cv_header_ctime=yes
ac_cv_header_dlfcn_h=yes
ac_cv_header_ieeefp_h=no
ac_cv_header_windows_h=no
ac_cv_lib_dl_dlopen=yes
ac_cv_objext=o
ac_cv_path_install='/usr/local/bin/ginstall -c'
ac_cv_prog_AWK=gawk
ac_cv_prog_ac_ct_CC=clang
ac_cv_prog_ac_ct_CXX=clang++
ac_cv_prog_ac_ct_F77=gfortran
ac_cv_prog_ac_ct_PKG_CONFIG=pkg-config
ac_cv_prog_cc_g=yes
ac_cv_prog_cc_stdc=
ac_cv_prog_coin_doxy_usedot=YES
ac_cv_prog_coin_have_doxygen=yes
ac_cv_prog_coin_have_latex=yes
ac_cv_prog_cxx_g=yes
ac_cv_prog_egrep='grep -E'
ac_cv_prog_f77_g=yes
ac_cv_prog_f77_v=-v
ac_cv_prog_have_svnversion=yes
ac_cv_prog_make_make_set=yes
ac_cv_sizeof_int_p=8
ac_cv_type_int_p=yes
am_cv_CC_dependencies_compiler_type=gcc3
am_cv_CXX_dependencies_compiler_type=gcc3

## ----------------- ##
## Output variables. ##
## ----------------- ##

ABSBUILDDIR='/Users/philip/Documents/robots/CoinIpopt/build/Ipopt'
ACLOCAL='${SHELL} /Users/philip/Documents/robots/CoinIpopt/Ipopt/missing --run aclocal-1.9'
ADD_CFLAGS=''
ADD_CXXFLAGS=''
ADD_FFLAGS=''
AIX_FIX_COMPILER_BUG_FALSE=''
AIX_FIX_COMPILER_BUG_TRUE='#'
ALWAYS_FALSE_FALSE=''
ALWAYS_FALSE_TRUE='#'
AMDEPBACKSLASH='\'
AMDEP_FALSE='#'
AMDEP_TRUE=''
AMTAR='${SHELL} /Users/philip/Documents/robots/CoinIpopt/Ipopt/missing --run tar'
AR='ar'
ASL_CFLAGS=''
ASL_CFLAGS_INSTALLED=''
ASL_DATA=''
ASL_DATA_INSTALLED=''
ASL_DEPENDENCIES=''
ASL_LIBS=''
ASL_LIBS_INSTALLED=''
ASTYLE='astyle'
ASTYLEFLAGS='--mode=c --indent=spaces=2 --indent-cases --indent-namespaces --min-conditional-indent=1 --brackets=linux --brackets=break-closing --convert-tabs'
AUTOCONF='${SHELL} /Users/philip/Documents/robots/CoinIpopt/Ipopt/missing --run autoconf'
AUTOHEADER='${SHELL} /Users/philip/Documents/robots/CoinIpopt/Ipopt/missing --run autoheader'
AUTOMAKE='${SHELL} /Users/philip/Documents/robots/CoinIpopt/Ipopt/missing --run automake-1.9'
AUX_DIR=''
AWK='gawk'
BIT32FCOMMENT='C'
BIT64FCOMMENT=''
BITS_PER_POINTER='64'
BLAS_CFLAGS=''
BLAS_CFLAGS_INSTALLED=''
BLAS_DATA=''
BLAS_DATA_INSTALLED=''
BLAS_DEPENDENCIES=''
BLAS_LIBS='-framework Accelerate'
BLAS_LIBS_INSTALLED=''
BLUEGENEEXTRA='echo'
BUILDTOOLSDIR=''
BUILD_INEXACT_FALSE=''
BUILD_INEXACT_TRUE='#'
BUILD_LINEARSOLVERLOADER_FALSE='#'
BUILD_LINEARSOLVERLOADER_TRUE=''
BUILD_PARDISOLOADER_FALSE='#'
BUILD_PARDISOLOADER_TRUE=''
CC='clang'
CCDEPMODE='depmode=gcc3'
CDEFS=''
CFLAGS='-O3 -pipe -DNDEBUG -Wimplicit -Wparentheses -Wsequence-point -Wreturn-type -Wcast-qual -Wall -Wno-unknown-pragmas -Wno-long-long   -DIPOPT_BUILD'
COIN_CC_IS_CL_FALSE=''
COIN_CC_IS_CL_TRUE='#'
COIN_CXX_IS_CL_FALSE=''
COIN_CXX_IS_CL_TRUE='#'
COIN_HAS_ASL_FALSE=''
COIN_HAS_ASL_TRUE='#'
COIN_HAS_BLAS_FALSE='#'
COIN_HAS_BLAS_TRUE=''
COIN_HAS_DOXYGEN_FALSE='#'
COIN_HAS_DOXYGEN_TRUE=''
COIN_HAS_F77_FALSE='#'
COIN_HAS_F77_TRUE=''
COIN_HAS_HSL_FALSE='#'
COIN_HAS_HSL_TRUE=''
COIN_HAS_LAPACK_FALSE='#'
COIN_HAS_LAPACK_TRUE=''
COIN_HAS_LATEX_FALSE='#'
COIN_HAS_LATEX_TRUE=''
COIN_HAS_MUMPS_FALSE=''
COIN_HAS_MUMPS_TRUE='#'
COIN_HAS_PKGCONFIG_FALSE='#'
COIN_HAS_PKGCONFIG_TRUE=''
COIN_PKG_CONFIG_PATH='/Users/philip/Documents/robots/CoinIpopt/build/lib64/pkgconfig:/Users/philip/Documents/robots/CoinIpopt/build/lib/pkgconfig:/Users/philip/Documents/robots/CoinIpopt/build/share/pkgconfig:'
COIN_PKG_CONFIG_PATH_UNINSTALLED='/Users/philip/Documents/robots/CoinIpopt/build/Ipopt:/Users/philip/Documents/robots/CoinIpopt/build/ThirdParty/HSL:'
CPP='clang -E'
CPPFLAGS=''
CXX='clang++'
CXXAR='ar cru'
CXXCPP='clang++ -E'
CXXDEFS=''
CXXDEPMODE='depmode=gcc3'
CXXFLAGS='-O3 -pipe -DNDEBUG -Wparentheses -Wreturn-type -Wcast-qual -Wall -Wpointer-arith -Wwrite-strings -Wconversion -Wno-unknown-pragmas -Wno-long-long   -DIPOPT_BUILD'
CXXLIBS='-lc++'
CYGPATH_W='echo'
DBG_CFLAGS='-g -O0 -pipe -Wimplicit -Wparentheses -Wsequence-point -Wreturn-type -Wcast-qual -Wall -Wno-unknown-pragmas -Wno-long-long  '
DBG_CXXFLAGS='-g -O0 -pipe -Wparentheses -Wreturn-type -Wcast-qual -Wall -Wpointer-arith -Wwrite-strings -Wconversion -Wno-unknown-pragmas -Wno-long-long  '
DBG_FFLAGS='-g -O0 -pipe  '
DEFS='-DHAVE_CONFIG_H'
DEPDIR='.deps'
DEPENDENCY_LINKING_FALSE='#'
DEPENDENCY_LINKING_TRUE=''
ECHO='/bin/echo'
ECHO_C='ECHO_N=''
ECHO_T=''
EGREP='grep -E'
EXEEXT=''
F77='gfortran'
FFLAGS='-O3 -pipe  '
FLIBS=' -L/usr/local/Cellar/gcc/7.3.0_1/lib/gcc/7/gcc/x86_64-apple-darwin16.7.0/7.3.0 -L/usr/local/Cellar/gcc/7.3.0_1/lib/gcc/7/gcc/x86_64-apple-darwin16.7.0/7.3.0/../../.. -lgfortran -lSystem -lquadmath -lm'
FRAMEWORK_VECLIB=''
HAVE_EXTERNALS_FALSE=''
HAVE_EXTERNALS_TRUE='#'
HAVE_MA28_FALSE='#'
HAVE_MA28_TRUE=''
HAVE_PARDISO_FALSE=''
HAVE_PARDISO_TRUE='#'
HAVE_WSMP_FALSE=''
HAVE_WSMP_TRUE='#'
HSL_CFLAGS='-I/Users/philip/Documents/robots/CoinIpopt/ThirdParty/HSL -I/Users/philip/Documents/robots/CoinIpopt/build/ThirdParty/HSL'
HSL_CFLAGS_INSTALLED=''
HSL_DATA=''
HSL_DATA_INSTALLED=''
HSL_DEPENDENCIES=' /Users/philip/Documents/robots/CoinIpopt/build/ThirdParty/HSL/libcoinhsl.la'
HSL_LIBS='-L/usr/local/Cellar/gcc/7.3.0_1/lib/gcc/7/gcc/x86_64-apple-darwin16.7.0/7.3.0 -L/usr/local/Cellar/gcc/7.3.0_1/lib/gcc/7/gcc/x86_64-apple-darwin16.7.0/7.3.0/../../.. /Users/philip/Documents/robots/CoinIpopt/build/ThirdParty/HSL/libcoinhsl.la -lgfortran -lSystem -lquadmath -lm'
HSL_LIBS_INSTALLED=''
INSTALL_DATA='${INSTALL} -m 644'
INSTALL_PROGRAM='${INSTALL}'
INSTALL_SCRIPT='${INSTALL}'
INSTALL_STRIP_PROGRAM='${SHELL} $(install_sh) -c -s'
IPALLLIBS='../contrib/LinearSolverLoader/libLinearSolverLoader.la ../contrib/CGPenalty/libcgpenalty.la ../Algorithm/libipoptalg.la ../Algorithm/LinearSolvers/liblinsolvers.la ../Common/libcommon.la ../LinAlg/liblinalg.la ../LinAlg/TMatrices/libtmatrices.la'
IPOPTAMPLINTERFACELIB_CFLAGS=''
IPOPTAMPLINTERFACELIB_CFLAGS_INSTALLED=''
IPOPTAMPLINTERFACELIB_DEPENDENCIES=''
IPOPTAMPLINTERFACELIB_LIBS=''
IPOPTAMPLINTERFACELIB_LIBS_INSTALLED=''
IPOPTAMPLINTERFACELIB_PCLIBS=''
IPOPTAMPLINTERFACELIB_PCREQUIRES=''
IPOPTLIB_CFLAGS='-I/Users/philip/Documents/robots/CoinIpopt/ThirdParty/HSL -I/Users/philip/Documents/robots/CoinIpopt/build/ThirdParty/HSL '
IPOPTLIB_CFLAGS_INSTALLED=''
IPOPTLIB_DEPENDENCIES=' /Users/philip/Documents/robots/CoinIpopt/build/ThirdParty/HSL/libcoinhsl.la  '
IPOPTLIB_LIBS='-L/usr/local/Cellar/gcc/7.3.0_1/lib/gcc/7/gcc/x86_64-apple-darwin16.7.0/7.3.0 -L/usr/local/Cellar/gcc/7.3.0_1/lib/gcc/7/gcc/x86_64-apple-darwin16.7.0/7.3.0/../../.. /Users/philip/Documents/robots/CoinIpopt/build/ThirdParty/HSL/libcoinhsl.la -lgfortran -lSystem -lquadmath -lm -framework Accelerate -framework Accelerate -lm  -ldl'
IPOPTLIB_LIBS_INSTALLED='-framework Accelerate -framework Accelerate -lm  -ldl'
IPOPTLIB_PCLIBS='-framework Accelerate -framework Accelerate -lm  -ldl'
IPOPTLIB_PCREQUIRES='coinhsl >= 1.3 '
IPOPT_SVN_REV='2714'
JAVA_HOME=''
JIPOPTDLL='libjipopt.so'
LAPACK_CFLAGS=''
LAPACK_CFLAGS_INSTALLED=''
LAPACK_DATA=''
LAPACK_DATA_INSTALLED=''
LAPACK_DEPENDENCIES=''
LAPACK_LIBS='-framework Accelerate'
LAPACK_LIBS_INSTALLED=''
LDFLAGS=''
LIBEXT='a'
LIBOBJS=''
LIBS=''
LIBTOOL='$(SHELL) $(top_builddir)/../libtool'
LIBTOOLM4=''
LN_S='ln -s'
LTLIBOBJS=''
LT_LDFLAGS='-no-undefined'
MAINT='#'
MAINTAINER_MODE_FALSE=''
MAINTAINER_MODE_TRUE='#'
MAKEINFO='${SHELL} /Users/philip/Documents/robots/CoinIpopt/Ipopt/missing --run makeinfo'
MATLAB_CYGPATH_W='echo'
MATLAB_HOME=''
MEXSUFFIX=''
MEX_STATIC_FALSE=''
MEX_STATIC_TRUE='#'
MEX_WINDOWS_FALSE=''
MEX_WINDOWS_TRUE='#'
MPICC=''
MPICXX=''
MPIF77=''
MUMPS_CFLAGS=''
MUMPS_CFLAGS_INSTALLED=''
MUMPS_DATA=''
MUMPS_DATA_INSTALLED=''
MUMPS_DEPENDENCIES=''
MUMPS_LIBS=''
MUMPS_LIBS_INSTALLED=''
MWMA57PATH=''
OBJEXT='o'
OPT_CFLAGS='-O3 -pipe -DNDEBUG -Wimplicit -Wparentheses -Wsequence-point -Wreturn-type -Wcast-qual -Wall -Wno-unknown-pragmas -Wno-long-long  '
OPT_CXXFLAGS='-O3 -pipe -DNDEBUG -Wparentheses -Wreturn-type -Wcast-qual -Wall -Wpointer-arith -Wwrite-strings -Wconversion -Wno-unknown-pragmas -Wno-long-long  '
OPT_FFLAGS='-O3 -pipe  '
PACKAGE='ipopt'
PACKAGE_BUGREPORT='http://projects.coin-or.org/Ipopt/newticket'
PACKAGE_NAME='Ipopt'
PACKAGE_STRING='Ipopt 3.12'
PACKAGE_TARNAME='ipopt'
PACKAGE_VERSION='3.12'
PATH_SEPARATOR=':'
PKG_CONFIG='pkg-config'
RANLIB='ranlib'
RPATH_FLAGS=''
SET_MAKE=''
SHARED_FLAGS='-shared'
SHELL='/bin/sh'
STRIP='strip'
VERSION='3.12'
VPATH_DISTCLEANFILES=' contrib/JavaInterface/org/coinor/Ipopt.java contrib/JavaInterface/org/coinor/examples/HS071.java contrib/JavaInterface/org/coinor/examples/scalable/SolveProblem.java contrib/JavaInterface/org/coinor/examples/scalable/Scalable.java contrib/JavaInterface/org/coinor/examples/scalable/LuksanVlcek1.java contrib/MatlabInterface/examples/examplehs038.m contrib/MatlabInterface/examples/examplehs051.m contrib/MatlabInterface/examples/examplehs071.m contrib/MatlabInterface/examples/examplelasso.m contrib/MatlabInterface/examples/lasso.m contrib/RInterface/DESCRIPTION contrib/RInterface/NAMESPACE contrib/RInterface/inst/CITATION contrib/RInterface/inst/doc/ipoptr.Rnw contrib/RInterface/inst/doc/ipoptr.pdf contrib/RInterface/inst/doc/reflist.bib contrib/RInterface/man/ipoptr-package.Rd contrib/RInterface/man/ipoptr.Rd contrib/RInterface/man/is.ipoptr.Rd contrib/RInterface/man/make.sparse.Rd contrib/RInterface/man/plot.sparseness.Rd contrib/RInterface/man/print.ipoptr.Rd contrib/RInterface/man/print.sparseness.Rd contrib/RInterface/R/get.option.types.R contrib/RInterface/R/ipoptr.R contrib/RInterface/R/is.ipoptr.R contrib/RInterface/R/make.sparse.R contrib/RInterface/R/plot.sparseness.R contrib/RInterface/R/print.ipoptr.R contrib/RInterface/R/print.sparseness.R contrib/RInterface/tests/approx_banana.R contrib/RInterface/tests/banana.R contrib/RInterface/tests/hs071_nlp.R contrib/RInterface/tests/lasso.R contrib/RInterface/tests/mynlp.R contrib/RInterface/tests/parameters.R contrib/RInterface/tests/sparseness.R contrib/RInterface/src/ipoptr.cpp contrib/RInterface/src/IpoptRJournal.cpp contrib/RInterface/src/IpoptRNLP.cpp examples/Cpp_example/cpp_example.cpp examples/Cpp_example/MyNLP.cpp examples/Cpp_example/MyNLP.hpp examples/hs071_cpp/hs071_main.cpp examples/hs071_cpp/hs071_nlp.cpp examples/hs071_cpp/hs071_nlp.hpp examples/hs071_c/hs071_c.c tutorial/AmplExperiments/hs71.mod tutorial/AmplExperiments/infeasible.mod tutorial/AmplExperiments/MoreAmplModels.txt tutorial/AmplExperiments/car1.run tutorial/AmplExperiments/car1.gp tutorial/Modeling/bad1.mod tutorial/Modeling/bad1-fix1.mod tutorial/Modeling/bad1-fix2.mod tutorial/CodingExercise/exercise_example.mod tutorial/CodingExercise/C/1-skeleton/TutorialC.c tutorial/CodingExercise/C/2-mistake/TutorialC.c tutorial/CodingExercise/C/3-solution/TutorialC.c tutorial/CodingExercise/Cpp/1-skeleton/TutorialCpp_main.cpp tutorial/CodingExercise/Cpp/1-skeleton/TutorialCpp_nlp.hpp tutorial/CodingExercise/Cpp/1-skeleton/TutorialCpp_nlp.cpp tutorial/CodingExercise/Cpp/2-mistake/TutorialCpp_main.cpp tutorial/CodingExercise/Cpp/2-mistake/TutorialCpp_nlp.hpp tutorial/CodingExercise/Cpp/2-mistake/TutorialCpp_nlp.cpp tutorial/CodingExercise/Cpp/3-solution/TutorialCpp_main.cpp tutorial/CodingExercise/Cpp/3-solution/TutorialCpp_nlp.hpp tutorial/CodingExercise/Cpp/3-solution/TutorialCpp_nlp.cpp tutorial/CodingExercise/Matlab/1-skeleton/TutorialMatlab.m tutorial/CodingExercise/Matlab/2-mistake/TutorialMatlab.m tutorial/CodingExercise/Matlab/3-solution/TutorialMatlab.m contrib/sIPOPT/examples/parametric_cpp/parametric_driver.cpp contrib/sIPOPT/examples/parametric_cpp/parametricTNLP.cpp contrib/sIPOPT/examples/parametric_cpp/parametricTNLP.hpp contrib/sIPOPT/examples/parametric_dsdp_cpp/parametric_dsdp_driver.cpp contrib/sIPOPT/examples/parametric_dsdp_cpp/parametricTNLP.cpp contrib/sIPOPT/examples/parametric_dsdp_cpp/parametricTNLP.hpp contrib/sIPOPT/examples/redhess_cpp/MySensTNLP.cpp contrib/sIPOPT/examples/redhess_cpp/MySensTNLP.hpp contrib/sIPOPT/examples/redhess_cpp/redhess_cpp.cpp'
abs_bin_dir='/Users/philip/Documents/robots/CoinIpopt/build/bin'
abs_include_dir='/Users/philip/Documents/robots/CoinIpopt/build/include'
abs_lib_dir='/Users/philip/Documents/robots/CoinIpopt/build/lib'
abs_source_dir='/Users/philip/Documents/robots/CoinIpopt/Ipopt'
ac_c_preproc_warn_flag=''
ac_ct_AR='ar'
ac_ct_CC='clang'
ac_ct_CXX='clang++'
ac_ct_F77='gfortran'
ac_ct_PKG_CONFIG='pkg-config'
ac_ct_RANLIB='ranlib'
ac_ct_STRIP='strip'
ac_cxx_preproc_warn_flag=''
am__fastdepCC_FALSE='#'
am__fastdepCC_TRUE=''
am__fastdepCXX_FALSE='#'
am__fastdepCXX_TRUE=''
am__include='include'
am__leading_dot='.'
am__quote=''
am__tar='${AMTAR} chof - "$$tardir"'
am__untar='${AMTAR} xf -'
bindir='${exec_prefix}/bin'
build='i386-apple-darwin16.7.0'
build_alias=''
build_cpu='i386'
build_os='darwin16.7.0'
build_vendor='apple'
coin_doxy_excludes=''
coin_doxy_logname='doxydoc/ipopt_doxy.log'
coin_doxy_tagfiles=''
coin_doxy_tagname='doxydoc/ipopt_doxy.tag'
coin_doxy_usedot='YES'
coin_have_doxygen='yes'
coin_have_latex='yes'
datadir='${prefix}/share'
exec_prefix='${prefix}'
have_autoconf=''
have_automake=''
have_svn=''
have_svnversion='yes'
host='i386-apple-darwin16.7.0'
host_alias=''
host_cpu='i386'
host_os='darwin16.7.0'
host_vendor='apple'
includedir='${prefix}/include'
infodir='${prefix}/info'
install_sh='/Users/philip/Documents/robots/CoinIpopt/Ipopt/install-sh'
libdir='${exec_prefix}/lib'
libexecdir='${exec_prefix}/libexec'
localstatedir='${prefix}/var'
mandir='${prefix}/man'
mkdir_p='$(install_sh) -d'
oldincludedir='/usr/include'
prefix='/Users/philip/Documents/robots/CoinIpopt/build'
program_transform_name='s,x,x,'
sbindir='${exec_prefix}/sbin'
sharedstatedir='${prefix}/com'
sol_cc_compiler=''
sysconfdir='${prefix}/etc'
target_alias=''

## ----------- ##
## confdefs.h. ##
## ----------- ##

#define COIN_C_FINITE finite
#define COIN_HAS_BLAS 1
#define COIN_HAS_HSL 1
#define COIN_HAS_LAPACK 1
#define COIN_IPOPT_CHECKLEVEL 0
#define COIN_IPOPT_VERBOSITY 0
#define F77_FUNC(name,NAME) name ## _
#define F77_FUNC_(name,NAME) name ## _
#define FORTRAN_INTEGER_TYPE int
#define HAVE_CASSERT 1
#define HAVE_CCTYPE 1
#define HAVE_CFLOAT 1
#define HAVE_CFLOAT 1
#define HAVE_CMATH 1
#define HAVE_CMATH 1
#define HAVE_CSTDARG 1
#define HAVE_CSTDDEF 1
#define HAVE_CSTDIO 1
#define HAVE_CSTDLIB 1
#define HAVE_CSTRING 1
#define HAVE_CTIME 1
#define HAVE_DLFCN_H 1
#define HAVE_DLFCN_H 1
#define HAVE_DRAND48 1
#define HAVE_INTTYPES_H 1
#define HAVE_LINEARSOLVERLOADER 1
#define HAVE_MEMORY_H 1
#define HAVE_RAND 1
#define HAVE_SNPRINTF 1
#define HAVE_STDINT_H 1
#define HAVE_STDLIB_H 1
#define HAVE_STD__RAND 1
#define HAVE_STRINGS_H 1
#define HAVE_STRING_H 1
#define HAVE_SYS_STAT_H 1
#define HAVE_SYS_TYPES_H 1
#define HAVE_UNISTD_H 1
#define HAVE_VA_COPY 1
#define HAVE_VSNPRINTF 1
#define IPOPT_SVN_REV 2714
#define IPOPT_VERSION "3.12"
#define IPOPT_VERSION_MAJOR 3
#define IPOPT_VERSION_MINOR 12
#define IPOPT_VERSION_RELEASE 9999
#define PACKAGE "ipopt"
#define PACKAGE_BUGREPORT "http://projects.coin-or.org/Ipopt/newticket"
#define PACKAGE_NAME "Ipopt"
#define PACKAGE_STRING "Ipopt 3.12"
#define PACKAGE_TARNAME "ipopt"
#define PACKAGE_VERSION "3.12"
#define SHAREDLIBEXT "dylib"
#define SIZEOF_INT_P 8
#define STDC_HEADERS 1
#define VERSION "3.12"
#endif
#ifdef __cplusplus
extern "C" void exit (int);

configure: exit 0
